Memory leaks report

Leaks since previous report
======================================

StackKey, NumTotalBytes, NumAllocs, NumDeltaBytes
7e4cf4bf, 8404992, 5, 84049921e952d58, 289870, 2871, 289870

8694862 total bytes, delta 8694862
Max tracked: stacks=2, allocations=2877


All known allocations
======================================

1e952d58: 289870 bytes in 2871 allocations 
7e4cf4bf: 8404992 bytes in 5 allocations 


1e952d58: 289870 bytes in 2871 allocations 
[0x4005a004] lpt::stack::detail::call_stack<lpt::stack::bfd::source_resolver>::call_stack() (binaries/lib/libmemleak_api_hooks.so+0x66) in crtstuff.c:0
[0x400597e7] lpt::stack::_stats::_stats() (binaries/lib/libmemleak_api_hooks.so+0x4b) in crtstuff.c:0
[0x40055bd9] libmemleak::alloc(void*, unsigned long long) (binaries/lib/libmemleak_api_hooks.so+0x75) in crtstuff.c:0
[0x4005563f] ?? (binaries/lib/libmemleak_api_hooks.so+0x5c) in crtstuff.c:0
[0x8048cbe] ?? (binaries/bin/1001leakseach+0x1a6) in /home/amelinte/projects/articole/lpt/lpt/tests/1001leakseach.cpp:37
[0x8048e3b] ?? (binaries/bin/1001leakseach+0x323) in /home/amelinte/projects/articole/lpt/lpt/tests/1001leakseach.cpp:68
[0x8048e48] ?? (binaries/bin/1001leakseach+0x330) in /home/amelinte/projects/articole/lpt/lpt/tests/1001leakseach.cpp:74
[0x8048e61] ?? (binaries/bin/1001leakseach+0x349) in /home/amelinte/projects/articole/lpt/lpt/tests/1001leakseach.cpp:82
[0x8048eab] ?? (binaries/bin/1001leakseach+0x393) in /home/amelinte/projects/articole/lpt/lpt/tests/1001leakseach.cpp:90
[0x4014c4fb] ?? (/lib/i686/cmov/libpthread.so.0+0x4014c4fb) in ??:0
[0x4036a60e] ?? (/lib/i686/cmov/libc.so.6+0x5e) in ??:0


7e4cf4bf: 8404992 bytes in 5 allocations 
[0x4005a004] lpt::stack::detail::call_stack<lpt::stack::bfd::source_resolver>::call_stack() (binaries/lib/libmemleak_api_hooks.so+0x66) in crtstuff.c:0
[0x400597e7] lpt::stack::_stats::_stats() (binaries/lib/libmemleak_api_hooks.so+0x4b) in crtstuff.c:0
[0x40055bd9] libmemleak::alloc(void*, unsigned long long) (binaries/lib/libmemleak_api_hooks.so+0x75) in crtstuff.c:0
[0x4005557e] ?? (binaries/lib/libmemleak_api_hooks.so+0x6f) in crtstuff.c:0
[0x4014cbd3] ?? (/lib/i686/cmov/libpthread.so.0+0x493) in ??:0
[0x8048f2b] ?? (binaries/bin/1001leakseach+0x413) in /home/amelinte/projects/articole/lpt/lpt/tests/1001leakseach.cpp:119
[0x402aa450] ?? (/lib/i686/cmov/libc.so.6+0xe0) in ??:0
[0x8048b81] ?? (binaries/bin/1001leakseach+0x39) in ??:0


Leak per stack frame
--------------------------------------

0x4005a004: 8694862 bytes 
[0x4005a004] lpt::stack::detail::call_stack<lpt::stack::bfd::source_resolver>::call_stack() (binaries/lib/libmemleak_api_hooks.so+0x66) in crtstuff.c:0

0x400597e7: 8694862 bytes 
[0x400597e7] lpt::stack::_stats::_stats() (binaries/lib/libmemleak_api_hooks.so+0x4b) in crtstuff.c:0

0x40055bd9: 8694862 bytes 
[0x40055bd9] libmemleak::alloc(void*, unsigned long long) (binaries/lib/libmemleak_api_hooks.so+0x75) in crtstuff.c:0

0x402aa450: 8404992 bytes 
[0x402aa450] ?? (/lib/i686/cmov/libc.so.6+0xe0) in ??:0

0x4014cbd3: 8404992 bytes 
[0x4014cbd3] ?? (/lib/i686/cmov/libpthread.so.0+0x493) in ??:0

0x4005557e: 8404992 bytes 
[0x4005557e] ?? (binaries/lib/libmemleak_api_hooks.so+0x6f) in crtstuff.c:0

0x8048f2b: 8404992 bytes 
[0x8048f2b] ?? (binaries/bin/1001leakseach+0x413) in /home/amelinte/projects/articole/lpt/lpt/tests/1001leakseach.cpp:119

0x8048b81: 8404992 bytes 
[0x8048b81] ?? (binaries/bin/1001leakseach+0x39) in ??:0

0x4036a60e: 289870 bytes 
[0x4036a60e] ?? (/lib/i686/cmov/libc.so.6+0x5e) in ??:0

0x4014c4fb: 289870 bytes 
[0x4014c4fb] ?? (/lib/i686/cmov/libpthread.so.0+0x4014c4fb) in ??:0

0x4005563f: 289870 bytes 
[0x4005563f] ?? (binaries/lib/libmemleak_api_hooks.so+0x5c) in crtstuff.c:0

0x8048eab: 289870 bytes 
[0x8048eab] ?? (binaries/bin/1001leakseach+0x393) in /home/amelinte/projects/articole/lpt/lpt/tests/1001leakseach.cpp:90

0x8048e61: 289870 bytes 
[0x8048e61] ?? (binaries/bin/1001leakseach+0x349) in /home/amelinte/projects/articole/lpt/lpt/tests/1001leakseach.cpp:82

0x8048e48: 289870 bytes 
[0x8048e48] ?? (binaries/bin/1001leakseach+0x330) in /home/amelinte/projects/articole/lpt/lpt/tests/1001leakseach.cpp:74

0x8048e3b: 289870 bytes 
[0x8048e3b] ?? (binaries/bin/1001leakseach+0x323) in /home/amelinte/projects/articole/lpt/lpt/tests/1001leakseach.cpp:68

0x8048cbe: 289870 bytes 
[0x8048cbe] ?? (binaries/bin/1001leakseach+0x1a6) in /home/amelinte/projects/articole/lpt/lpt/tests/1001leakseach.cpp:37

0: 0 bytes 
[0] ?? (??+0x0) in ??:0

0: 0 bytes 
[0] ?? (??+0x0) in ??:0

0: 0 bytes 
[0] ?? (??+0x0) in ??:0

0: 0 bytes 
[0] ?? (??+0x0) in ??:0

0: 0 bytes 
[0] ?? (??+0x0) in ??:0

0: 0 bytes 
[0] ?? (??+0x0) in ??:0

0: 0 bytes 
[0] ?? (??+0x0) in ??:0

0: 0 bytes 
[0] ?? (??+0x0) in ??:0

0: 0 bytes 
[0] ?? (??+0x0) in ??:0

0: 0 bytes 
[0] ?? (??+0x0) in ??:0

0: 0 bytes 
[0] ?? (??+0x0) in ??:0

0: 0 bytes 
[0] ?? (??+0x0) in ??:0

0: 0 bytes 
[0] ?? (??+0x0) in ??:0

0: 0 bytes 
[0] ?? (??+0x0) in ??:0

0: 0 bytes 
[0] ?? (??+0x0) in ??:0

0: 0 bytes 
[0] ?? (??+0x0) in ??:0


Address, StackKey, Bytes
--------------------------------------
0x9f88380, 1e952d58, 101
0x9f883f0, 1e952d58, 101
0x9f88460, 1e952d58, 101
0x9f884d0, 1e952d58, 101
0x9f88540, 1e952d58, 101
0x9f885b0, 1e952d58, 101
0x9f88620, 1e952d58, 101
0x9f88690, 1e952d58, 101
0x9f88700, 1e952d58, 101
0x9f88770, 1e952d58, 101
0x9f887e0, 1e952d58, 101
0x9f88850, 1e952d58, 101
0x9f888c0, 1e952d58, 101
0x9f88930, 1e952d58, 101
0x9f889a0, 1e952d58, 101
0x9f88a10, 1e952d58, 101
0x9f88a80, 1e952d58, 101
0x9f88af0, 1e952d58, 101
0x9f88b60, 1e952d58, 101
0x9f88bd0, 1e952d58, 101
0x9f88c40, 1e952d58, 101
0x9f88cb0, 1e952d58, 101
0x9f88d20, 1e952d58, 101
0x9f88d90, 1e952d58, 101
0x9f88e00, 1e952d58, 101
0x9f88e70, 1e952d58, 101
0x9f88ee0, 1e952d58, 101
0x9f88f50, 1e952d58, 101
0x9f88fc0, 1e952d58, 101
0x9f89030, 1e952d58, 101
0x9f890a0, 1e952d58, 101
0x9f89110, 1e952d58, 101
0x9f89180, 1e952d58, 101
0x9f891f0, 1e952d58, 101
0x9f89260, 1e952d58, 101
0x9f892d0, 1e952d58, 101
0x9f89340, 1e952d58, 101
0x9f893b0, 1e952d58, 101
0x9f89420, 1e952d58, 101
0x9f89490, 1e952d58, 101
0x9f89500, 1e952d58, 101
0x9f89570, 1e952d58, 101
0x9f895e0, 1e952d58, 101
0x9f89650, 1e952d58, 101
0x9f896c0, 1e952d58, 101
0x9f89730, 1e952d58, 101
0x9f897a0, 1e952d58, 101
0x9f89810, 1e952d58, 101
0x9f89880, 1e952d58, 101
0x9f898f0, 1e952d58, 101
0x9f89960, 1e952d58, 101
0x9f899d0, 1e952d58, 101
0x9f89a40, 1e952d58, 101
0x9f89ab0, 1e952d58, 101
0x9f89b20, 1e952d58, 101
0x9f89b90, 1e952d58, 101
0x9f89c00, 1e952d58, 101
0x9f89c70, 1e952d58, 101
0x9f89ce0, 1e952d58, 101
0x9f89d50, 1e952d58, 101
0x9f89dc0, 1e952d58, 101
0x9f89e30, 1e952d58, 101
0x9f89ea0, 1e952d58, 101
0x9f89f10, 1e952d58, 101
0x9f89f80, 1e952d58, 101
0x9f89ff0, 1e952d58, 101
0x9f8a060, 1e952d58, 101
0x9f8a0d0, 1e952d58, 101
0x9f8a140, 1e952d58, 101
0x9f8a1b0, 1e952d58, 101
0x9f8a220, 1e952d58, 101
0x9f8a290, 1e952d58, 101
0x9f8a300, 1e952d58, 101
0x9f8a370, 1e952d58, 101
0x9f8a3e0, 1e952d58, 101
0x9f8a450, 1e952d58, 101
0x9f8a4c0, 1e952d58, 101
0x9f8a530, 1e952d58, 101
0x9f8a5a0, 1e952d58, 101
0x9f8a610, 1e952d58, 101
0x9f8a680, 1e952d58, 101
0x9f8a6f0, 1e952d58, 101
0x9f8a760, 1e952d58, 101
0x9f8a7d0, 1e952d58, 101
0x9f8a840, 1e952d58, 101
0x9f8a8b0, 1e952d58, 101
0x9f8a920, 1e952d58, 101
0x9f8a990, 1e952d58, 101
0x9f8aa00, 1e952d58, 101
0x9f8aa70, 1e952d58, 101
0x9f8aae0, 1e952d58, 101
0x9f8ab50, 1e952d58, 101
0x9f8abc0, 1e952d58, 101
0x9f8ac30, 1e952d58, 101
0x9f8aca0, 1e952d58, 101
0x9f8ad10, 1e952d58, 101
0x9f8ad80, 1e952d58, 101
0x9f8adf0, 1e952d58, 101
0x9f8ae60, 1e952d58, 101
0x9f8aed0, 1e952d58, 101
0x9f8af40, 1e952d58, 101
0x9f8afb0, 1e952d58, 101
0x9f8b020, 1e952d58, 101
0x9f8b090, 1e952d58, 101
0x9f8b100, 1e952d58, 101
0x9f8b170, 1e952d58, 101
0x9f8b1e0, 1e952d58, 101
0x9f8b250, 1e952d58, 101
0x9f8b2c0, 1e952d58, 101
0x9f8b330, 1e952d58, 101
0x9f8b3a0, 1e952d58, 101
0x9f8b410, 1e952d58, 101
0x9f8b480, 1e952d58, 101
0x9f8b4f0, 1e952d58, 101
0x9f8b560, 1e952d58, 101
0x9f8b5d0, 1e952d58, 101
0x9f8b640, 1e952d58, 101
0x9f8b6b0, 1e952d58, 101
0x9f8b720, 1e952d58, 101
0x9f8b790, 1e952d58, 101
0x9f8b800, 1e952d58, 101
0x9f8b870, 1e952d58, 101
0x9f8b8e0, 1e952d58, 101
0x9f8b950, 1e952d58, 101
0x9f8b9c0, 1e952d58, 101
0x9f8ba30, 1e952d58, 101
0x9f8baa0, 1e952d58, 101
0x9f8bb10, 1e952d58, 101
0x9f8bb80, 1e952d58, 101
0x9f8bbf0, 1e952d58, 101
0x9f8bc60, 1e952d58, 101
0x9f8bcd0, 1e952d58, 101
0x9f8bd40, 1e952d58, 101
0x9f8bdb0, 1e952d58, 101
0x9f8be20, 1e952d58, 101
0x9f8be90, 1e952d58, 101
0x9f8bf00, 1e952d58, 101
0x9f8bf70, 1e952d58, 101
0x9f8bfe0, 1e952d58, 101
0x9f8c050, 1e952d58, 101
0x9f8c0c0, 1e952d58, 101
0x9f8c130, 1e952d58, 101
0x9f8c1a0, 1e952d58, 101
0x9f8c210, 1e952d58, 101
0x9f8c280, 1e952d58, 101
0x9f8c2f0, 1e952d58, 101
0x9f8c360, 1e952d58, 101
0x9f8c3d0, 1e952d58, 101
0x9f8c440, 1e952d58, 101
0x9f8c4b0, 1e952d58, 101
0x9f8c520, 1e952d58, 101
0x9f8c590, 1e952d58, 101
0x9f8c600, 1e952d58, 101
0x9f8c670, 1e952d58, 101
0x9f8c6e0, 1e952d58, 101
0x9f8c750, 1e952d58, 101
0x9f8c7c0, 1e952d58, 101
0x9f8c830, 1e952d58, 101
0x9f8c8a0, 1e952d58, 101
0x9f8c910, 1e952d58, 101
0x9f8c980, 1e952d58, 101
0x9f8c9f0, 1e952d58, 101
0x9f8ca60, 1e952d58, 101
0x9f8cad0, 1e952d58, 101
0x9f8cb40, 1e952d58, 101
0x9f8cbb0, 1e952d58, 101
0x9f8cc20, 1e952d58, 101
0x9f8cc90, 1e952d58, 101
0x9f8cd00, 1e952d58, 101
0x9f8cd70, 1e952d58, 101
0x9f8cde0, 1e952d58, 101
0x9f8ce50, 1e952d58, 101
0x9f8cec0, 1e952d58, 101
0x9f8cf30, 1e952d58, 101
0x9f8cfa0, 1e952d58, 101
0x9f8d010, 1e952d58, 101
0x9f8d080, 1e952d58, 101
0x9f8d0f0, 1e952d58, 101
0x9f8d160, 1e952d58, 101
0x9f8d1d0, 1e952d58, 101
0x9f8d240, 1e952d58, 101
0x9f8d2b0, 1e952d58, 101
0x9f8d320, 1e952d58, 101
0x9f8d390, 1e952d58, 101
0x9f8d400, 1e952d58, 101
0x9f8d470, 1e952d58, 101
0x9f8d4e0, 1e952d58, 101
0x9f8d550, 1e952d58, 101
0x9f8d5c0, 1e952d58, 101
0x9f8d630, 1e952d58, 101
0x9f8d6a0, 1e952d58, 101
0x9f8d710, 1e952d58, 101
0x9f8d780, 1e952d58, 101
0x9f8d7f0, 1e952d58, 101
0x9f8d860, 1e952d58, 101
0x9f8d8d0, 1e952d58, 101
0x9f8d940, 1e952d58, 101
0x9f8d9b0, 1e952d58, 101
0x9f8da20, 1e952d58, 101
0x9f8da90, 1e952d58, 101
0x9f8db00, 1e952d58, 101
0x9f8db70, 1e952d58, 101
0x9f8dbe0, 1e952d58, 101
0x9f8dc50, 1e952d58, 101
0x9f8dcc0, 1e952d58, 101
0x9f8dd30, 1e952d58, 101
0x9f8dda0, 1e952d58, 101
0x9f8de10, 1e952d58, 101
0x9f8de80, 1e952d58, 101
0x9f8def0, 1e952d58, 101
0x9f8df60, 1e952d58, 101
0x9f8dfd0, 1e952d58, 101
0x9f8e040, 1e952d58, 101
0x9f8e0b0, 1e952d58, 101
0x9f8e120, 1e952d58, 101
0x9f8e190, 1e952d58, 101
0x9f8e200, 1e952d58, 101
0x9f8e270, 1e952d58, 101
0x9f8e2e0, 1e952d58, 101
0x9f8e350, 1e952d58, 101
0x9f8e3c0, 1e952d58, 101
0x9f8e430, 1e952d58, 101
0x9f8e4a0, 1e952d58, 101
0x9f8e510, 1e952d58, 101
0x9f8e580, 1e952d58, 101
0x9f8e5f0, 1e952d58, 101
0x9f8e660, 1e952d58, 101
0x9f8e6d0, 1e952d58, 101
0x9f8e740, 1e952d58, 101
0x9f8e7b0, 1e952d58, 101
0x9f8e820, 1e952d58, 101
0x9f8e890, 1e952d58, 101
0x9f8e900, 1e952d58, 101
0x9f8e970, 1e952d58, 101
0x9f8e9e0, 1e952d58, 101
0x9f8ea50, 1e952d58, 101
0x9f8eac0, 1e952d58, 101
0x9f8eb30, 1e952d58, 101
0x9f8eba0, 1e952d58, 101
0x9f8ec10, 1e952d58, 101
0x9f8ec80, 1e952d58, 101
0x9f8ecf0, 1e952d58, 101
0x9f8ed60, 1e952d58, 101
0x9f8edd0, 1e952d58, 101
0x9f8ee40, 1e952d58, 101
0x9f8eeb0, 1e952d58, 101
0x9f8ef20, 1e952d58, 101
0x9f8ef90, 1e952d58, 101
0x9f8f000, 1e952d58, 101
0x9f8f070, 1e952d58, 101
0x9f8f0e0, 1e952d58, 101
0x9f8f150, 1e952d58, 101
0x9f8f1c0, 1e952d58, 101
0x9f8f230, 1e952d58, 101
0x9f8f2a0, 1e952d58, 101
0x9f8f310, 1e952d58, 101
0x9f8f380, 1e952d58, 101
0x9f8f3f0, 1e952d58, 101
0x9f8f460, 1e952d58, 101
0x9f8f4d0, 1e952d58, 101
0x9f8f540, 1e952d58, 101
0x9f8f5b0, 1e952d58, 101
0x9f8f620, 1e952d58, 101
0x9f8f690, 1e952d58, 101
0x9f8f700, 1e952d58, 101
0x9f8f770, 1e952d58, 101
0x9f8f7e0, 1e952d58, 101
0x9f8f850, 1e952d58, 101
0x9f8f8c0, 1e952d58, 101
0x9f8f930, 1e952d58, 101
0x9f8f9a0, 1e952d58, 101
0x9f8fa10, 1e952d58, 101
0x9f8fa80, 1e952d58, 101
0x9f8faf0, 1e952d58, 101
0x9f8fb60, 1e952d58, 101
0x9f8fbd0, 1e952d58, 101
0x9f8fc40, 1e952d58, 101
0x9f8fcb0, 1e952d58, 101
0x9f8fd20, 1e952d58, 101
0x9f8fd90, 1e952d58, 101
0x9f8fe00, 1e952d58, 101
0x9f8fe70, 1e952d58, 101
0x9f8fee0, 1e952d58, 101
0x9f8ff50, 1e952d58, 101
0x9f8ffc0, 1e952d58, 101
0x9f90030, 1e952d58, 101
0x9f900a0, 1e952d58, 101
0x9f90110, 1e952d58, 101
0x9f90180, 1e952d58, 101
0x9f901f0, 1e952d58, 101
0x9f90260, 1e952d58, 101
0x9f902d0, 1e952d58, 101
0x9f90340, 1e952d58, 101
0x9f903b0, 1e952d58, 101
0x9f90420, 1e952d58, 101
0x9f90490, 1e952d58, 101
0x9f90500, 1e952d58, 101
0x9f90570, 1e952d58, 101
0x9f905e0, 1e952d58, 101
0x9f90650, 1e952d58, 101
0x9f906c0, 1e952d58, 101
0x9f90730, 1e952d58, 101
0x9f907a0, 1e952d58, 101
0x9f90810, 1e952d58, 101
0x9f90880, 1e952d58, 101
0x9f908f0, 1e952d58, 101
0x9f90960, 1e952d58, 101
0x9f909d0, 1e952d58, 101
0x9f90a40, 1e952d58, 101
0x9f90ab0, 1e952d58, 101
0x9f90b20, 1e952d58, 101
0x9f90b90, 1e952d58, 101
0x9f90c00, 1e952d58, 101
0x9f90c70, 1e952d58, 101
0x9f90ce0, 1e952d58, 101
0x9f90d50, 1e952d58, 101
0x9f90dc0, 1e952d58, 101
0x9f90e30, 1e952d58, 101
0x9f90ea0, 1e952d58, 101
0x9f90f10, 1e952d58, 101
0x9f90f80, 1e952d58, 101
0x9f90ff0, 1e952d58, 101
0x9f91060, 1e952d58, 101
0x9f910d0, 1e952d58, 101
0x9f91140, 1e952d58, 101
0x9f911b0, 1e952d58, 101
0x9f91220, 1e952d58, 101
0x9f91290, 1e952d58, 101
0x9f91300, 1e952d58, 101
0x9f91370, 1e952d58, 101
0x9f913e0, 1e952d58, 101
0x9f91450, 1e952d58, 101
0x9f914c0, 1e952d58, 101
0x9f91530, 1e952d58, 101
0x9f915a0, 1e952d58, 101
0x9f91610, 1e952d58, 101
0x9f91680, 1e952d58, 101
0x9f916f0, 1e952d58, 101
0x9f91760, 1e952d58, 101
0x9f917d0, 1e952d58, 101
0x9f91840, 1e952d58, 101
0x9f918b0, 1e952d58, 101
0x9f91920, 1e952d58, 101
0x9f91990, 1e952d58, 101
0x9f91a00, 1e952d58, 101
0x9f91a70, 1e952d58, 101
0x9f91ae0, 1e952d58, 101
0x9f91b50, 1e952d58, 101
0x9f91bc0, 1e952d58, 101
0x9f91c30, 1e952d58, 101
0x9f91ca0, 1e952d58, 101
0x9f91d10, 1e952d58, 101
0x9f91d80, 1e952d58, 101
0x9f91df0, 1e952d58, 101
0x9f91e60, 1e952d58, 101
0x9f91ed0, 1e952d58, 101
0x9f91f40, 1e952d58, 101
0x9f91fb0, 1e952d58, 101
0x9f92020, 1e952d58, 101
0x9f92090, 1e952d58, 101
0x9f92100, 1e952d58, 101
0x9f92170, 1e952d58, 101
0x9f921e0, 1e952d58, 101
0x9f92250, 1e952d58, 101
0x9f922c0, 1e952d58, 101
0x9f92330, 1e952d58, 101
0x9f923a0, 1e952d58, 101
0x9f92410, 1e952d58, 101
0x9f92480, 1e952d58, 101
0x9f924f0, 1e952d58, 101
0x9f92560, 1e952d58, 101
0x9f925d0, 1e952d58, 101
0x9f92640, 1e952d58, 101
0x9f926b0, 1e952d58, 101
0x9f92720, 1e952d58, 101
0x9f92790, 1e952d58, 101
0x9f92800, 1e952d58, 101
0x9f92870, 1e952d58, 101
0x9f928e0, 1e952d58, 101
0x9f92950, 1e952d58, 101
0x9f929c0, 1e952d58, 101
0x9f92a30, 1e952d58, 101
0x9f92aa0, 1e952d58, 101
0x9f92b10, 1e952d58, 101
0x9f92b80, 1e952d58, 101
0x9f92bf0, 1e952d58, 101
0x9f92c60, 1e952d58, 101
0x9f92cd0, 1e952d58, 101
0x9f92d40, 1e952d58, 101
0x9f92db0, 1e952d58, 101
0x9f92e20, 1e952d58, 101
0x9f92e90, 1e952d58, 101
0x9f92f00, 1e952d58, 101
0x9f92f70, 1e952d58, 101
0x9f92fe0, 1e952d58, 101
0x9f93050, 1e952d58, 101
0x9f930c0, 1e952d58, 101
0x9f93130, 1e952d58, 101
0x9f931a0, 1e952d58, 101
0x9f93210, 1e952d58, 101
0x9f93280, 1e952d58, 101
0x9f932f0, 1e952d58, 101
0x9f93360, 1e952d58, 101
0x9f933d0, 1e952d58, 101
0x9f93440, 1e952d58, 101
0x9f934b0, 1e952d58, 101
0x9f93520, 1e952d58, 101
0x9f93590, 1e952d58, 101
0x9f93600, 1e952d58, 101
0x9f93670, 1e952d58, 101
0x9f936e0, 1e952d58, 101
0x9f93750, 1e952d58, 101
0x9f937c0, 1e952d58, 101
0x9f93830, 1e952d58, 101
0x9f938a0, 1e952d58, 101
0x9f93910, 1e952d58, 101
0x9f93980, 1e952d58, 101
0x9f939f0, 1e952d58, 101
0x9f93a60, 1e952d58, 101
0x9f93ad0, 1e952d58, 101
0x9f93b40, 1e952d58, 101
0x9f93bb0, 1e952d58, 101
0x9f93c20, 1e952d58, 101
0x9f93c90, 1e952d58, 101
0x9f93d00, 1e952d58, 101
0x9f93d70, 1e952d58, 101
0x9f93de0, 1e952d58, 101
0x9f93e50, 1e952d58, 101
0x9f93ec0, 1e952d58, 101
0x9f93f30, 1e952d58, 101
0x9f93fa0, 1e952d58, 101
0x9f94010, 1e952d58, 101
0x9f94080, 1e952d58, 101
0x9f940f0, 1e952d58, 101
0x9f94160, 1e952d58, 101
0x9f941d0, 1e952d58, 101
0x9f94240, 1e952d58, 101
0x9f942b0, 1e952d58, 101
0x9f94320, 1e952d58, 101
0x9f94390, 1e952d58, 101
0x9f94400, 1e952d58, 101
0x9f94470, 1e952d58, 101
0x9f944e0, 1e952d58, 101
0x9f94550, 1e952d58, 101
0x9f945c0, 1e952d58, 101
0x9f94630, 1e952d58, 101
0x9f946a0, 1e952d58, 101
0x9f94710, 1e952d58, 101
0x9f94780, 1e952d58, 101
0x9f947f0, 1e952d58, 101
0x9f94860, 1e952d58, 101
0x9f948d0, 1e952d58, 101
0x9f94940, 1e952d58, 101
0x9f949b0, 1e952d58, 101
0x9f94a20, 1e952d58, 101
0x9f94a90, 1e952d58, 101
0x9f94b00, 1e952d58, 101
0x9f94b70, 1e952d58, 101
0x9f94be0, 1e952d58, 101
0x9f94c50, 1e952d58, 101
0x9f94cc0, 1e952d58, 101
0x9f94d30, 1e952d58, 101
0x9f94da0, 1e952d58, 101
0x9f94e10, 1e952d58, 101
0x9f94e80, 1e952d58, 101
0x9f94ef0, 1e952d58, 101
0x9f94f60, 1e952d58, 101
0x9f94fd0, 1e952d58, 101
0x9f95040, 1e952d58, 101
0x9f950b0, 1e952d58, 101
0x9f95120, 1e952d58, 101
0x9f95190, 1e952d58, 101
0x9f95200, 1e952d58, 101
0x9f95270, 1e952d58, 101
0x9f952e0, 1e952d58, 101
0x9f95350, 1e952d58, 101
0x9f953c0, 1e952d58, 101
0x9f95430, 1e952d58, 101
0x9f954a0, 1e952d58, 101
0x9f95510, 1e952d58, 101
0x9f95580, 1e952d58, 101
0x9f955f0, 1e952d58, 101
0x9f95660, 1e952d58, 101
0x9f956d0, 1e952d58, 101
0x9f95740, 1e952d58, 101
0x9f957b0, 1e952d58, 101
0x9f95820, 1e952d58, 101
0x9f95890, 1e952d58, 101
0x9f95900, 1e952d58, 101
0x9f95970, 1e952d58, 101
0x9f959e0, 1e952d58, 101
0x9f95a50, 1e952d58, 101
0x9f95ac0, 1e952d58, 101
0x9f95b30, 1e952d58, 101
0x9f95ba0, 1e952d58, 101
0x9f95c10, 1e952d58, 101
0x9f95c80, 1e952d58, 101
0x9f95cf0, 1e952d58, 101
0x9f95d60, 1e952d58, 101
0x9f95dd0, 1e952d58, 101
0x9f95e40, 1e952d58, 101
0x9f95eb0, 1e952d58, 101
0x9f95f20, 1e952d58, 101
0x9f95f90, 1e952d58, 101
0x9f96000, 1e952d58, 101
0x9f96070, 1e952d58, 101
0x9f960e0, 1e952d58, 101
0x9f96150, 1e952d58, 101
0x9f961c0, 1e952d58, 101
0x9f96230, 1e952d58, 101
0x9f962a0, 1e952d58, 101
0x9f96310, 1e952d58, 101
0x9f96380, 1e952d58, 101
0x9f963f0, 1e952d58, 101
0x9f96460, 1e952d58, 101
0x9f964d0, 1e952d58, 101
0x9f96540, 1e952d58, 101
0x9f965b0, 1e952d58, 101
0x9f96620, 1e952d58, 101
0x9f96690, 1e952d58, 101
0x9f96700, 1e952d58, 101
0x9f96770, 1e952d58, 101
0x9f967e0, 1e952d58, 101
0x9f96850, 1e952d58, 101
0x9f968c0, 1e952d58, 101
0x9f96930, 1e952d58, 101
0x9f969a0, 1e952d58, 101
0x9f96a10, 1e952d58, 101
0x9f96a80, 1e952d58, 101
0x9f96af0, 1e952d58, 101
0x9f96b60, 1e952d58, 101
0x9f96bd0, 1e952d58, 101
0x9f96c40, 1e952d58, 101
0x9f96cb0, 1e952d58, 101
0x9f96d20, 1e952d58, 101
0x9f96d90, 1e952d58, 101
0x9f96e00, 1e952d58, 101
0x9f96e70, 1e952d58, 101
0x9f96ee0, 1e952d58, 101
0x9f96f50, 1e952d58, 101
0x9f96fc0, 1e952d58, 101
0x9f97030, 1e952d58, 101
0x9f970a0, 1e952d58, 101
0x9f97110, 1e952d58, 101
0x9f97180, 1e952d58, 101
0x9f971f0, 1e952d58, 101
0x9f97260, 1e952d58, 101
0x9f972d0, 1e952d58, 101
0x9f97340, 1e952d58, 101
0x9f973b0, 1e952d58, 101
0x9f97420, 1e952d58, 101
0x9f97490, 1e952d58, 101
0x9f97500, 1e952d58, 101
0x9f97570, 1e952d58, 101
0x9f975e0, 1e952d58, 101
0x9f97650, 1e952d58, 101
0x9f976c0, 1e952d58, 101
0x9f97730, 1e952d58, 101
0x9f977a0, 1e952d58, 101
0x9f97810, 1e952d58, 101
0x9f97880, 1e952d58, 101
0x9f978f0, 1e952d58, 101
0x9f97960, 1e952d58, 101
0x9f979d0, 1e952d58, 101
0x9f97a40, 1e952d58, 101
0x9f97ab0, 1e952d58, 101
0x9f97b20, 1e952d58, 101
0x9f97b90, 1e952d58, 101
0x9f97c00, 1e952d58, 101
0x9f97c70, 1e952d58, 101
0x9f97ce0, 1e952d58, 101
0x9f97d50, 1e952d58, 101
0x9f97dc0, 1e952d58, 101
0x9f97e30, 1e952d58, 101
0x9f97ea0, 1e952d58, 101
0x9f97f10, 1e952d58, 101
0x9f97f80, 1e952d58, 101
0x9f97ff0, 1e952d58, 101
0x9f98060, 1e952d58, 101
0x9f980d0, 1e952d58, 101
0x9f98140, 1e952d58, 101
0x9f981b0, 1e952d58, 101
0x9f98220, 1e952d58, 101
0x9f98290, 1e952d58, 101
0x9f98300, 1e952d58, 101
0x9f98370, 1e952d58, 101
0x9f983e0, 1e952d58, 101
0x9f98450, 1e952d58, 101
0x9f984c0, 1e952d58, 101
0x9f98530, 1e952d58, 101
0x9f985a0, 1e952d58, 101
0x9f98610, 1e952d58, 101
0x9f98680, 1e952d58, 101
0x9f986f0, 1e952d58, 101
0x9f98760, 1e952d58, 101
0x9f987d0, 1e952d58, 101
0x9f98840, 1e952d58, 101
0x9f988b0, 1e952d58, 101
0x9f98920, 1e952d58, 101
0x9f98990, 1e952d58, 101
0x9f98a00, 1e952d58, 101
0x9f98a70, 1e952d58, 101
0x9f98ae0, 1e952d58, 101
0x9f98b50, 1e952d58, 101
0x9f98bc0, 1e952d58, 101
0x9f98c30, 1e952d58, 101
0x9f98ca0, 1e952d58, 101
0x9f98d10, 1e952d58, 101
0x9f98d80, 1e952d58, 101
0x9f98df0, 1e952d58, 101
0x9f98e60, 1e952d58, 101
0x9f98ed0, 1e952d58, 101
0x9f98f40, 1e952d58, 101
0x9f98fb0, 1e952d58, 101
0x9f99020, 1e952d58, 101
0x9f99090, 1e952d58, 101
0x9f99100, 1e952d58, 101
0x9f99170, 1e952d58, 101
0x9f991e0, 1e952d58, 101
0x9f99250, 1e952d58, 101
0x9f992c0, 1e952d58, 101
0x9f99330, 1e952d58, 101
0x9f993a0, 1e952d58, 101
0x9f99410, 1e952d58, 101
0x9f99480, 1e952d58, 101
0x9f994f0, 1e952d58, 101
0x9f99560, 1e952d58, 101
0x9f995d0, 1e952d58, 101
0x9f99640, 1e952d58, 101
0x9f996b0, 1e952d58, 101
0x9f99720, 1e952d58, 101
0x9f99790, 1e952d58, 101
0x9f99800, 1e952d58, 101
0x9f99870, 1e952d58, 101
0x9f998e0, 1e952d58, 101
0x9f99950, 1e952d58, 101
0x9f999c0, 1e952d58, 101
0x9f99a30, 1e952d58, 101
0x9f99aa0, 1e952d58, 101
0x9f99b10, 1e952d58, 101
0x9f99b80, 1e952d58, 101
0x9f99bf0, 1e952d58, 101
0x9f99c60, 1e952d58, 101
0x9f99cd0, 1e952d58, 101
0x9f99d40, 1e952d58, 101
0x9f99db0, 1e952d58, 101
0x9f99e20, 1e952d58, 101
0x9f99e90, 1e952d58, 101
0x9f99f00, 1e952d58, 101
0x9f99f70, 1e952d58, 101
0x9f99fe0, 1e952d58, 101
0x9f9a050, 1e952d58, 101
0x9f9a0c0, 1e952d58, 101
0x9f9a130, 1e952d58, 101
0x9f9a1a0, 1e952d58, 101
0x9f9a210, 1e952d58, 101
0x9f9a280, 1e952d58, 101
0x9f9a2f0, 1e952d58, 101
0x9f9a360, 1e952d58, 101
0x9f9a3d0, 1e952d58, 101
0x9f9a440, 1e952d58, 101
0x9f9a4b0, 1e952d58, 101
0x9f9a520, 1e952d58, 101
0x9f9a590, 1e952d58, 101
0x9f9a600, 1e952d58, 101
0x9f9a670, 1e952d58, 101
0x9f9a6e0, 1e952d58, 101
0x9f9a750, 1e952d58, 101
0x9f9a7c0, 1e952d58, 101
0x9f9a830, 1e952d58, 101
0x9f9a8a0, 1e952d58, 101
0x9f9a910, 1e952d58, 101
0x9f9a980, 1e952d58, 101
0x9f9a9f0, 1e952d58, 101
0x9f9aa60, 1e952d58, 101
0x9f9aad0, 1e952d58, 101
0x9f9ab40, 1e952d58, 101
0x9f9abb0, 1e952d58, 101
0x9f9ac20, 1e952d58, 101
0x9f9ac90, 1e952d58, 101
0x9f9ad00, 1e952d58, 101
0x9f9ad70, 1e952d58, 101
0x9f9ade0, 1e952d58, 101
0x9f9ae50, 1e952d58, 101
0x9f9aec0, 1e952d58, 101
0x9f9af30, 1e952d58, 101
0x9f9afa0, 1e952d58, 101
0x9f9b010, 1e952d58, 101
0x9f9b080, 1e952d58, 101
0x9f9b0f0, 1e952d58, 101
0x9f9b160, 1e952d58, 101
0x9f9b1d0, 1e952d58, 101
0x9f9b240, 1e952d58, 101
0x9f9b2b0, 1e952d58, 101
0x9f9b320, 1e952d58, 101
0x9f9b390, 1e952d58, 101
0x9f9b400, 1e952d58, 101
0x9f9b470, 1e952d58, 101
0x9f9b4e0, 1e952d58, 101
0x9f9b550, 1e952d58, 101
0x9f9b5c0, 1e952d58, 101
0x9f9b630, 1e952d58, 101
0x9f9b6a0, 1e952d58, 101
0x9f9b710, 1e952d58, 101
0x9f9b780, 1e952d58, 101
0x9f9b7f0, 1e952d58, 101
0x9f9b860, 1e952d58, 101
0x9f9b8d0, 1e952d58, 101
0x9f9b940, 1e952d58, 101
0x9f9b9b0, 1e952d58, 101
0x9f9ba20, 1e952d58, 101
0x9f9ba90, 1e952d58, 101
0x9f9bb00, 1e952d58, 101
0x9f9bb70, 1e952d58, 101
0x9f9bbe0, 1e952d58, 101
0x9f9bc50, 1e952d58, 101
0x9f9bcc0, 1e952d58, 101
0x9f9bd30, 1e952d58, 101
0x9f9bda0, 1e952d58, 101
0x9f9be10, 1e952d58, 101
0x9f9be80, 1e952d58, 101
0x9f9bef0, 1e952d58, 101
0x9f9bf60, 1e952d58, 101
0x9f9bfd0, 1e952d58, 101
0x9f9c040, 1e952d58, 101
0x9f9c0b0, 1e952d58, 101
0x9f9c120, 1e952d58, 101
0x9f9c190, 1e952d58, 101
0x9f9c200, 1e952d58, 101
0x9f9c270, 1e952d58, 101
0x9f9c2e0, 1e952d58, 101
0x9f9c350, 1e952d58, 101
0x9f9c3c0, 1e952d58, 101
0x9f9c430, 1e952d58, 101
0x9f9c4a0, 1e952d58, 101
0x9f9c510, 1e952d58, 101
0x9f9c580, 1e952d58, 101
0x9f9c5f0, 1e952d58, 101
0x9f9c660, 1e952d58, 101
0x9f9c6d0, 1e952d58, 101
0x9f9c740, 1e952d58, 101
0x9f9c7b0, 1e952d58, 101
0x9f9c820, 1e952d58, 101
0x9f9c890, 1e952d58, 101
0x9f9c900, 1e952d58, 101
0x9f9c970, 1e952d58, 101
0x9f9c9e0, 1e952d58, 101
0x9f9ca50, 1e952d58, 101
0x9f9cac0, 1e952d58, 101
0x9f9cb30, 1e952d58, 101
0x9f9cba0, 1e952d58, 101
0x9f9cc10, 1e952d58, 101
0x9f9cc80, 1e952d58, 101
0x9f9ccf0, 1e952d58, 101
0x9f9cd60, 1e952d58, 101
0x9f9cdd0, 1e952d58, 101
0x9f9ce40, 1e952d58, 101
0x9f9ceb0, 1e952d58, 101
0x9f9cf20, 1e952d58, 101
0x9f9cf90, 1e952d58, 101
0x9f9d000, 1e952d58, 101
0x9f9d070, 1e952d58, 101
0x9f9d0e0, 1e952d58, 101
0x9f9d150, 1e952d58, 101
0x9f9d1c0, 1e952d58, 101
0x9f9d230, 1e952d58, 101
0x9f9d2a0, 1e952d58, 101
0x9f9d310, 1e952d58, 101
0x9f9d380, 1e952d58, 101
0x9f9d3f0, 1e952d58, 101
0x9f9d460, 1e952d58, 101
0x9f9d4d0, 1e952d58, 101
0x9f9d540, 1e952d58, 101
0x9f9d5b0, 1e952d58, 101
0x9f9d620, 1e952d58, 101
0x9f9d690, 1e952d58, 101
0x9f9d700, 1e952d58, 101
0x9f9d770, 1e952d58, 101
0x9f9d7e0, 1e952d58, 101
0x9f9d850, 1e952d58, 101
0x9f9d8c0, 1e952d58, 101
0x9f9d930, 1e952d58, 101
0x9f9d9a0, 1e952d58, 101
0x9f9da10, 1e952d58, 101
0x9f9da80, 1e952d58, 101
0x9f9daf0, 1e952d58, 101
0x9f9db60, 1e952d58, 101
0x9f9dbd0, 1e952d58, 101
0x9f9dc40, 1e952d58, 101
0x9f9dcb0, 1e952d58, 101
0x9f9dd20, 1e952d58, 101
0x9f9dd90, 1e952d58, 101
0x9f9de00, 1e952d58, 101
0x9f9de70, 1e952d58, 101
0x9f9dee0, 1e952d58, 101
0x9f9df50, 1e952d58, 101
0x9f9dfc0, 1e952d58, 101
0x9f9e030, 1e952d58, 101
0x9f9e0a0, 1e952d58, 101
0x9f9e110, 1e952d58, 101
0x9f9e180, 1e952d58, 101
0x9f9e1f0, 1e952d58, 101
0x9f9e260, 1e952d58, 101
0x9f9e2d0, 1e952d58, 101
0x9f9e340, 1e952d58, 101
0x9f9e3b0, 1e952d58, 101
0x9f9e420, 1e952d58, 101
0x9f9e490, 1e952d58, 101
0x9f9e500, 1e952d58, 101
0x9f9e570, 1e952d58, 101
0x9f9e5e0, 1e952d58, 101
0x9f9e650, 1e952d58, 101
0x9f9e6c0, 1e952d58, 101
0x9f9e730, 1e952d58, 101
0x9f9e7a0, 1e952d58, 101
0x9f9e810, 1e952d58, 101
0x9f9e880, 1e952d58, 101
0x9f9e8f0, 1e952d58, 101
0x9f9e960, 1e952d58, 101
0x9f9e9d0, 1e952d58, 101
0x9f9ea40, 1e952d58, 101
0x9f9eab0, 1e952d58, 101
0x9f9eb20, 1e952d58, 101
0x9f9eb90, 1e952d58, 101
0x9f9ec00, 1e952d58, 101
0x9f9ec70, 1e952d58, 101
0x9f9ece0, 1e952d58, 101
0x9f9ed50, 1e952d58, 101
0x9f9edc0, 1e952d58, 101
0x9f9ee30, 1e952d58, 101
0x9f9eea0, 1e952d58, 101
0x9f9ef10, 1e952d58, 101
0x9f9ef80, 1e952d58, 101
0x9f9eff0, 1e952d58, 101
0x9f9f060, 1e952d58, 101
0x9f9f0d0, 1e952d58, 101
0x9f9f140, 1e952d58, 101
0x9f9f1b0, 1e952d58, 101
0x9f9f220, 1e952d58, 101
0x9f9f290, 1e952d58, 101
0x9f9f300, 1e952d58, 101
0x9f9f370, 1e952d58, 101
0x9f9f3e0, 1e952d58, 101
0x9f9f450, 1e952d58, 101
0x9f9f4c0, 1e952d58, 101
0x9f9f530, 1e952d58, 101
0x9f9f5a0, 1e952d58, 101
0x9f9f610, 1e952d58, 101
0x9f9f680, 1e952d58, 101
0x9f9f6f0, 1e952d58, 101
0x9f9f760, 1e952d58, 101
0x9f9f7d0, 1e952d58, 101
0x9f9f840, 1e952d58, 101
0x9f9f8b0, 1e952d58, 101
0x9f9f920, 1e952d58, 101
0x9f9f990, 1e952d58, 101
0x9f9fa00, 1e952d58, 101
0x9f9fa70, 1e952d58, 101
0x9f9fae0, 1e952d58, 101
0x9f9fb50, 1e952d58, 101
0x9f9fbc0, 1e952d58, 101
0x9f9fc30, 1e952d58, 101
0x9f9fca0, 1e952d58, 101
0x9f9fd10, 1e952d58, 101
0x9f9fd80, 1e952d58, 101
0x9f9fdf0, 1e952d58, 101
0x9f9fe60, 1e952d58, 101
0x9f9fed0, 1e952d58, 101
0x9f9ff40, 1e952d58, 101
0x9f9ffb0, 1e952d58, 101
0x9fa0020, 1e952d58, 101
0x9fa0090, 1e952d58, 101
0x9fa0100, 1e952d58, 101
0x9fa0170, 1e952d58, 101
0x9fa01e0, 1e952d58, 101
0x9fa0250, 1e952d58, 101
0x9fa02c0, 1e952d58, 101
0x9fa0330, 1e952d58, 101
0x9fa03a0, 1e952d58, 101
0x9fa0410, 1e952d58, 101
0x9fa0480, 1e952d58, 101
0x9fa04f0, 1e952d58, 101
0x9fa0560, 1e952d58, 101
0x9fa05d0, 1e952d58, 101
0x9fa0640, 1e952d58, 101
0x9fa06b0, 1e952d58, 101
0x9fa0720, 1e952d58, 101
0x9fa0790, 1e952d58, 101
0x9fa0800, 1e952d58, 101
0x9fa0870, 1e952d58, 101
0x9fa08e0, 1e952d58, 101
0x9fa0950, 1e952d58, 101
0x9fa09c0, 1e952d58, 101
0x9fa0a30, 1e952d58, 101
0x9fa0aa0, 1e952d58, 101
0x9fa0b10, 1e952d58, 101
0x9fa0b80, 1e952d58, 101
0x9fa0bf0, 1e952d58, 101
0x9fa0c60, 1e952d58, 101
0x9fa0cd0, 1e952d58, 101
0x9fa0d40, 1e952d58, 101
0x9fa0db0, 1e952d58, 101
0x9fa0e20, 1e952d58, 101
0x9fa0e90, 1e952d58, 101
0x9fa0f00, 1e952d58, 101
0x9fa0f70, 1e952d58, 101
0x9fa0fe0, 1e952d58, 101
0x9fa1050, 1e952d58, 101
0x9fa10c0, 1e952d58, 101
0x9fa1130, 1e952d58, 101
0x9fa11a0, 1e952d58, 101
0x9fa1210, 1e952d58, 101
0x9fa1280, 1e952d58, 101
0x9fa12f0, 1e952d58, 101
0x9fa1360, 1e952d58, 101
0x9fa13d0, 1e952d58, 101
0x9fa1440, 1e952d58, 101
0x9fa14b0, 1e952d58, 101
0x9fa1520, 1e952d58, 101
0x9fa1590, 1e952d58, 101
0x9fa1600, 1e952d58, 101
0x9fa1670, 1e952d58, 101
0x9fa16e0, 1e952d58, 101
0x9fa1750, 1e952d58, 101
0x9fa17c0, 1e952d58, 101
0x9fa1830, 1e952d58, 101
0x9fa18a0, 1e952d58, 101
0x9fa1910, 1e952d58, 101
0x9fa1980, 1e952d58, 101
0x9fa19f0, 1e952d58, 101
0x9fa1a60, 1e952d58, 101
0x9fa1ad0, 1e952d58, 101
0x9fa1b40, 1e952d58, 101
0x9fa1bb0, 1e952d58, 101
0x9fa1c20, 1e952d58, 101
0x9fa1c90, 1e952d58, 101
0x9fa1d00, 1e952d58, 101
0x9fa1d70, 1e952d58, 101
0x9fa1de0, 1e952d58, 101
0x9fa1e50, 1e952d58, 101
0x9fa1ec0, 1e952d58, 101
0x9fa1f30, 1e952d58, 101
0x9fa1fa0, 1e952d58, 101
0x9fa2010, 1e952d58, 101
0x9fa2080, 1e952d58, 101
0x9fa20f0, 1e952d58, 101
0x9fa2160, 1e952d58, 101
0x9fa21d0, 1e952d58, 101
0x9fa2240, 1e952d58, 101
0x9fa22b0, 1e952d58, 101
0x9fa2320, 1e952d58, 101
0x9fa2390, 1e952d58, 101
0x9fa2400, 1e952d58, 101
0x9fa2470, 1e952d58, 101
0x9fa24e0, 1e952d58, 101
0x9fa2550, 1e952d58, 101
0x9fa25c0, 1e952d58, 101
0x9fa2630, 1e952d58, 101
0x9fa26a0, 1e952d58, 101
0x9fa2710, 1e952d58, 101
0x9fa2780, 1e952d58, 101
0x9fa27f0, 1e952d58, 101
0x9fa2860, 1e952d58, 101
0x9fa28d0, 1e952d58, 101
0x9fa2940, 1e952d58, 101
0x9fa29b0, 1e952d58, 101
0x9fa2a20, 1e952d58, 101
0x9fa2a90, 1e952d58, 101
0x9fa2b00, 1e952d58, 101
0x9fa2b70, 1e952d58, 101
0x9fa2be0, 1e952d58, 101
0x9fa2c50, 1e952d58, 101
0x9fa2cc0, 1e952d58, 101
0x9fa2d30, 1e952d58, 101
0x9fa2da0, 1e952d58, 101
0x9fa2e10, 1e952d58, 101
0x9fa2e80, 1e952d58, 101
0x9fa2ef0, 1e952d58, 101
0x9fa2f60, 1e952d58, 101
0x9fa2fd0, 1e952d58, 101
0x9fa3040, 1e952d58, 101
0x9fa30b0, 1e952d58, 101
0x9fa3120, 1e952d58, 101
0x9fa3190, 1e952d58, 101
0x9fa3200, 1e952d58, 101
0x9fa3270, 1e952d58, 101
0x9fa32e0, 1e952d58, 101
0x9fa3350, 1e952d58, 101
0x9fa33c0, 1e952d58, 101
0x9fa3430, 1e952d58, 101
0x9fa34a0, 1e952d58, 101
0x9fa3510, 1e952d58, 101
0x9fa3580, 1e952d58, 101
0x9fa35f0, 1e952d58, 101
0x9fa3660, 1e952d58, 101
0x9fa36d0, 1e952d58, 101
0x9fa3740, 1e952d58, 101
0x9fa37b0, 1e952d58, 101
0x9fa3820, 1e952d58, 101
0x9fa3890, 1e952d58, 101
0x9fa3900, 1e952d58, 101
0x9fa3970, 1e952d58, 101
0x9fa39e0, 1e952d58, 101
0x9fa3a50, 1e952d58, 101
0x9fa3ac0, 1e952d58, 101
0x9fa3b30, 1e952d58, 101
0x9fa3ba0, 1e952d58, 101
0x9fa3c10, 1e952d58, 101
0x9fa3c80, 1e952d58, 101
0x9fa3cf0, 1e952d58, 101
0x9fa3d60, 1e952d58, 101
0x9fa3dd0, 1e952d58, 101
0x9fa3e40, 1e952d58, 101
0x9fa3eb0, 1e952d58, 101
0x9fa3f20, 1e952d58, 101
0x9fa3f90, 1e952d58, 101
0x9fa4000, 1e952d58, 101
0x9fa4070, 1e952d58, 101
0x9fa40e0, 1e952d58, 101
0x9fa4150, 1e952d58, 101
0x9fa41c0, 1e952d58, 101
0x9fa4230, 1e952d58, 101
0x9fa42a0, 1e952d58, 101
0x9fa4310, 1e952d58, 101
0x9fa4380, 1e952d58, 101
0x9fa43f0, 1e952d58, 101
0x9fa4460, 1e952d58, 101
0x9fa44d0, 1e952d58, 101
0x9fa4540, 1e952d58, 101
0x9fa45b0, 1e952d58, 101
0x9fa4620, 1e952d58, 101
0x9fa4690, 1e952d58, 101
0x9fa4700, 1e952d58, 101
0x9fa4770, 1e952d58, 101
0x9fa47e0, 1e952d58, 101
0x9fa4850, 1e952d58, 101
0x9fa48c0, 1e952d58, 101
0x9fa4930, 1e952d58, 101
0x9fa49a0, 1e952d58, 101
0x9fa4a10, 1e952d58, 101
0x9fa4a80, 1e952d58, 101
0x9fa4af0, 1e952d58, 101
0x9fa4b60, 1e952d58, 101
0x9fa4bd0, 1e952d58, 101
0x9fa4c40, 1e952d58, 101
0x9fa4cb0, 1e952d58, 101
0x9fa4d20, 1e952d58, 101
0x9fa4d90, 1e952d58, 101
0x9fa4e00, 1e952d58, 101
0x9fa4e70, 1e952d58, 101
0x9fa4ee0, 1e952d58, 101
0x9fa4f50, 1e952d58, 101
0x9fa4fc0, 1e952d58, 101
0x9fa5030, 1e952d58, 101
0x9fa50a0, 1e952d58, 101
0x9fa5110, 1e952d58, 101
0x9fa5180, 1e952d58, 101
0x9fa51f0, 1e952d58, 101
0x9fa5260, 1e952d58, 101
0x9fa52d0, 1e952d58, 101
0x9fa5340, 1e952d58, 101
0x9fa53b0, 1e952d58, 101
0x9fa5420, 1e952d58, 101
0x9fa5490, 1e952d58, 101
0x9fa5500, 1e952d58, 101
0x9fa5570, 1e952d58, 101
0x9fa55e0, 1e952d58, 101
0x9fa5650, 1e952d58, 101
0x9fa56c0, 1e952d58, 101
0x9fa5730, 1e952d58, 101
0x9fa57a0, 1e952d58, 101
0x9fa5810, 1e952d58, 101
0x9fa5880, 1e952d58, 101
0x9fa58f0, 1e952d58, 101
0x9fa5960, 1e952d58, 101
0x9fa59d0, 1e952d58, 101
0x9fa5a40, 1e952d58, 101
0x9fa5ab0, 1e952d58, 101
0x9fa5b20, 1e952d58, 101
0x9fa5b90, 1e952d58, 101
0x9fa5c00, 1e952d58, 101
0x9fa5c70, 1e952d58, 101
0x9fa5ce0, 1e952d58, 101
0x9fa5d50, 1e952d58, 101
0x9fa5dc0, 1e952d58, 101
0x9fa5e30, 1e952d58, 101
0x9fa5ea0, 1e952d58, 101
0x9fa5f10, 1e952d58, 101
0x9fa5f80, 1e952d58, 101
0x9fa5ff0, 1e952d58, 101
0x9fa6060, 1e952d58, 101
0x9fa60d0, 1e952d58, 101
0x9fa6140, 1e952d58, 101
0x9fa61b0, 1e952d58, 101
0x9fa6220, 1e952d58, 101
0x9fa6290, 1e952d58, 101
0x9fa6300, 1e952d58, 101
0x9fa6370, 1e952d58, 101
0x9fa63e0, 1e952d58, 101
0x9fa6450, 1e952d58, 101
0x9fa64c0, 1e952d58, 101
0x9fa6530, 1e952d58, 101
0x9fa65a0, 1e952d58, 101
0x9fa6610, 1e952d58, 101
0x9fa6680, 1e952d58, 101
0x9fa66f0, 1e952d58, 101
0x9fa6760, 1e952d58, 101
0x9fa67d0, 1e952d58, 101
0x9fa6840, 1e952d58, 101
0x9fa68b0, 1e952d58, 101
0x9fa6920, 1e952d58, 101
0x9fa6990, 1e952d58, 101
0x9fa6a00, 1e952d58, 101
0x9fa6a70, 1e952d58, 101
0x9fa6ae0, 1e952d58, 101
0x9fa6b50, 1e952d58, 101
0x9fa6bc0, 1e952d58, 101
0x9fa6c30, 1e952d58, 101
0x9fa6ca0, 1e952d58, 101
0x9fa6d10, 1e952d58, 101
0x9fa6d80, 1e952d58, 101
0x9fa6df0, 1e952d58, 101
0x9fa6e60, 1e952d58, 101
0x9fa6ed0, 1e952d58, 101
0x9fa6f40, 1e952d58, 101
0x9fa6fb0, 1e952d58, 101
0x9fa7020, 1e952d58, 101
0x9fa7090, 1e952d58, 101
0x9fa7100, 1e952d58, 101
0x9fa7170, 1e952d58, 101
0x9fa71e0, 1e952d58, 101
0x9fa7250, 1e952d58, 101
0x9fa72c0, 1e952d58, 101
0x9fa7330, 1e952d58, 101
0x9fa73a0, 1e952d58, 101
0x9fa7410, 1e952d58, 101
0x9fa7480, 1e952d58, 101
0x9fa74f0, 1e952d58, 101
0x9fa7560, 1e952d58, 101
0x9fa75d0, 1e952d58, 101
0x9fa7640, 1e952d58, 101
0x9fa76b0, 1e952d58, 101
0x9fa7720, 1e952d58, 101
0x9fa7790, 1e952d58, 101
0x9fa7800, 1e952d58, 101
0x9fa7870, 1e952d58, 101
0x9fa78e0, 1e952d58, 101
0x9fa7950, 1e952d58, 101
0x9fa79c0, 1e952d58, 101
0x9fa7a30, 1e952d58, 101
0x9fa7aa0, 1e952d58, 101
0x9fa7b10, 1e952d58, 101
0x9fa7b80, 1e952d58, 101
0x9fa7bf0, 1e952d58, 101
0x9fa7c60, 1e952d58, 101
0x9fa7cd0, 1e952d58, 101
0x9fa7d40, 1e952d58, 101
0x9fa7db0, 1e952d58, 101
0x9fa7e20, 1e952d58, 101
0x9fa7e90, 1e952d58, 101
0x9fa7f00, 1e952d58, 101
0x9fa7f70, 1e952d58, 101
0x9fa7fe0, 1e952d58, 101
0x9fa8050, 1e952d58, 101
0x9fa80c0, 1e952d58, 101
0x9fa8130, 1e952d58, 101
0x9fa81a0, 1e952d58, 101
0x9fa8210, 1e952d58, 101
0x9fa8280, 1e952d58, 101
0x9fa82f0, 1e952d58, 101
0x9fa8360, 1e952d58, 101
0x9fa83d0, 1e952d58, 101
0x9fa8440, 1e952d58, 101
0x9fa84b0, 1e952d58, 101
0x9fa8520, 1e952d58, 101
0x9fa8590, 1e952d58, 101
0x9fa8600, 1e952d58, 101
0x9fa8670, 1e952d58, 101
0x9fa86e0, 1e952d58, 101
0x9fa8750, 1e952d58, 101
0x9fa87c0, 1e952d58, 101
0x9fa8830, 1e952d58, 101
0x9fa88a0, 1e952d58, 101
0x9fa8910, 1e952d58, 101
0x9fa8980, 1e952d58, 101
0x9fa89f0, 1e952d58, 101
0x9fa8a60, 1e952d58, 101
0x9fa8ad0, 1e952d58, 101
0x9fa8b40, 1e952d58, 101
0x9fa8bb0, 1e952d58, 101
0x9fa8c20, 1e952d58, 101
0x9fa8c90, 1e952d58, 101
0x9fa8d00, 1e952d58, 101
0x9fa8d70, 1e952d58, 101
0x9fa8de0, 1e952d58, 101
0x9fa8e50, 1e952d58, 101
0x9fa8ec0, 1e952d58, 101
0x9fa8f30, 1e952d58, 101
0x9fa8fa0, 1e952d58, 101
0x9fa9010, 1e952d58, 101
0x9fa9080, 1e952d58, 101
0x9fa90f0, 1e952d58, 101
0x9fa9160, 1e952d58, 101
0x9fa91d0, 1e952d58, 101
0x9fa9240, 1e952d58, 101
0x9fa92b0, 1e952d58, 101
0x9fa9320, 1e952d58, 101
0x9fa9390, 1e952d58, 101
0x9fa9400, 1e952d58, 101
0x9fa9470, 1e952d58, 101
0x9fa94e0, 1e952d58, 101
0x9fa9550, 1e952d58, 101
0x9fa95c0, 1e952d58, 101
0x9fa9630, 1e952d58, 101
0x9fa96a0, 1e952d58, 101
0x9fa9710, 1e952d58, 101
0x9fa9780, 1e952d58, 101
0x9fa97f0, 1e952d58, 101
0x9fa9860, 1e952d58, 101
0x9fa98d0, 1e952d58, 101
0x9fa9940, 1e952d58, 101
0x9fa99b0, 1e952d58, 101
0x9fa9a20, 1e952d58, 101
0x9fa9a90, 1e952d58, 101
0x9fa9b00, 1e952d58, 101
0x9fa9b70, 1e952d58, 101
0x9fa9be0, 1e952d58, 101
0x9fa9c50, 1e952d58, 101
0x9fa9cc0, 1e952d58, 101
0x9fa9d30, 1e952d58, 101
0x9fa9da0, 1e952d58, 101
0x9fa9e10, 1e952d58, 101
0x9fa9e80, 1e952d58, 101
0x9fa9ef0, 1e952d58, 101
0x9fa9f60, 1e952d58, 101
0x9fa9fd0, 1e952d58, 101
0x9faa040, 1e952d58, 101
0x9faa0b0, 1e952d58, 101
0x9faa120, 1e952d58, 101
0x9faa190, 1e952d58, 101
0x9faa200, 1e952d58, 101
0x9faa270, 1e952d58, 101
0x9faa2e0, 1e952d58, 101
0x9faa350, 1e952d58, 101
0x9faa3c0, 1e952d58, 101
0x9faa430, 1e952d58, 101
0x9faa4a0, 1e952d58, 101
0x9faa510, 1e952d58, 101
0x9faa580, 1e952d58, 101
0x9faa5f0, 1e952d58, 101
0x9faa660, 1e952d58, 101
0x9faa6d0, 1e952d58, 101
0x9faa740, 1e952d58, 101
0x9faa7b0, 1e952d58, 101
0x9faa820, 1e952d58, 101
0x9faa890, 1e952d58, 101
0x9faa900, 1e952d58, 101
0x9faa970, 1e952d58, 101
0x9faa9e0, 1e952d58, 101
0x9faaa50, 1e952d58, 101
0x9faaac0, 1e952d58, 101
0x9faab30, 1e952d58, 101
0x9faaba0, 1e952d58, 101
0x9faac10, 1e952d58, 101
0x9faac80, 1e952d58, 101
0x9faacf0, 1e952d58, 101
0x9faad60, 1e952d58, 101
0x9faadd0, 1e952d58, 101
0x9faae40, 1e952d58, 101
0x9faaeb0, 1e952d58, 101
0x9faaf20, 1e952d58, 101
0x9faaf90, 1e952d58, 101
0x9fab000, 1e952d58, 101
0x9fab070, 1e952d58, 101
0x9fab0e0, 1e952d58, 101
0x9fab150, 1e952d58, 101
0x9fab1c0, 1e952d58, 101
0x9fab230, 1e952d58, 101
0x9fab2a0, 1e952d58, 101
0x9fab310, 1e952d58, 101
0x9fab380, 1e952d58, 101
0x9fab3f0, 1e952d58, 101
0x9fab460, 1e952d58, 101
0x9fab4d0, 1e952d58, 101
0x9fab540, 1e952d58, 101
0x9fab5b0, 1e952d58, 101
0x9fab620, 1e952d58, 101
0x9fab690, 1e952d58, 101
0x9fab700, 1e952d58, 101
0x9fab770, 1e952d58, 101
0x9fab7e0, 1e952d58, 101
0x9fab850, 1e952d58, 101
0x9fab8c0, 1e952d58, 101
0x9fab930, 1e952d58, 101
0x9fab9a0, 1e952d58, 101
0x9faba10, 1e952d58, 101
0x9faba80, 1e952d58, 101
0x9fabaf0, 1e952d58, 101
0x9fabb60, 1e952d58, 101
0x9fabbd0, 1e952d58, 101
0x9fabc40, 1e952d58, 101
0x9fabcb0, 1e952d58, 101
0x9fabd20, 1e952d58, 101
0x9fabd90, 1e952d58, 101
0x9fabe00, 1e952d58, 101
0x9fabe70, 1e952d58, 101
0x9fabee0, 1e952d58, 101
0x9fabf50, 1e952d58, 101
0x9fabfc0, 1e952d58, 101
0x9fac030, 1e952d58, 101
0x9fac0a0, 1e952d58, 101
0x9fac110, 1e952d58, 101
0x9fac180, 1e952d58, 101
0x9fac1f0, 1e952d58, 101
0x9fac260, 1e952d58, 101
0x9fac2d0, 1e952d58, 101
0x9fac340, 1e952d58, 101
0x9fac3b0, 1e952d58, 101
0x9fac420, 1e952d58, 101
0x9fac490, 1e952d58, 101
0x9fac500, 1e952d58, 101
0x9fac570, 1e952d58, 101
0x9fac5e0, 1e952d58, 101
0x9fac650, 1e952d58, 101
0x9fac6c0, 1e952d58, 101
0x9fac730, 1e952d58, 101
0x9fac7a0, 1e952d58, 101
0x9fac810, 1e952d58, 101
0x9fac880, 1e952d58, 101
0x9fac8f0, 1e952d58, 101
0x9fac960, 1e952d58, 101
0x9fac9d0, 1e952d58, 101
0x9faca40, 1e952d58, 101
0x9facab0, 1e952d58, 101
0x9facb20, 1e952d58, 101
0x9facb90, 1e952d58, 101
0x9facc00, 1e952d58, 101
0x9facc70, 1e952d58, 101
0x9facce0, 1e952d58, 101
0x9facd50, 1e952d58, 101
0x9facdc0, 1e952d58, 101
0x9face30, 1e952d58, 101
0x9facea0, 1e952d58, 101
0x9facf10, 1e952d58, 101
0x9facf80, 1e952d58, 101
0x9facff0, 1e952d58, 101
0x9fad060, 1e952d58, 101
0x9fad0d0, 1e952d58, 101
0x9fad140, 1e952d58, 101
0x9fad1b0, 1e952d58, 101
0x9fad220, 1e952d58, 101
0x9fad290, 1e952d58, 101
0x9fad300, 1e952d58, 101
0x9fad370, 1e952d58, 101
0x9fad3e0, 1e952d58, 101
0x9fad450, 1e952d58, 101
0x9fad4c0, 1e952d58, 101
0x9fad530, 1e952d58, 101
0x9fad5a0, 1e952d58, 101
0x9fad610, 1e952d58, 101
0x9fad680, 1e952d58, 101
0x9fad6f0, 1e952d58, 101
0x9fad760, 1e952d58, 101
0x9fad7d0, 1e952d58, 101
0x9fad840, 1e952d58, 101
0x9fad8b0, 1e952d58, 101
0x9fad920, 1e952d58, 101
0x9fad990, 1e952d58, 101
0x9fada00, 1e952d58, 101
0x9fada70, 1e952d58, 101
0x9fadae0, 1e952d58, 101
0x9fadb50, 1e952d58, 101
0x9fadbc0, 1e952d58, 101
0x9fadc30, 1e952d58, 101
0x9fadca0, 1e952d58, 101
0x9fadd10, 1e952d58, 101
0x9fadd80, 1e952d58, 101
0x9faddf0, 1e952d58, 101
0x9fade60, 1e952d58, 101
0x9faded0, 1e952d58, 101
0x9fadf40, 1e952d58, 101
0x9fadfb0, 1e952d58, 101
0x9fae020, 1e952d58, 101
0x9fae090, 1e952d58, 101
0x9fae100, 1e952d58, 101
0x9fae170, 1e952d58, 101
0x9fae1e0, 1e952d58, 101
0x9fae250, 1e952d58, 101
0x9fae2c0, 1e952d58, 101
0x9fae330, 1e952d58, 101
0x9fae3a0, 1e952d58, 101
0x9fae410, 1e952d58, 101
0x9fae480, 1e952d58, 101
0x9fae4f0, 1e952d58, 101
0x9fae560, 1e952d58, 101
0x9fae5d0, 1e952d58, 101
0x9fae640, 1e952d58, 101
0x9fae6b0, 1e952d58, 101
0x9fae720, 1e952d58, 101
0x9fae790, 1e952d58, 101
0x9fae800, 1e952d58, 101
0x9fae870, 1e952d58, 101
0x9fae8e0, 1e952d58, 101
0x9fae950, 1e952d58, 101
0x9fae9c0, 1e952d58, 101
0x9faea30, 1e952d58, 101
0x9faeaa0, 1e952d58, 101
0x9faeb10, 1e952d58, 101
0x9faeb80, 1e952d58, 101
0x9faebf0, 1e952d58, 101
0x9faec60, 1e952d58, 101
0x9faecd0, 1e952d58, 101
0x9faed40, 1e952d58, 101
0x9faedb0, 1e952d58, 101
0x9faee20, 1e952d58, 101
0x9faee90, 1e952d58, 101
0x9faef00, 1e952d58, 101
0x9faef70, 1e952d58, 101
0x9faefe0, 1e952d58, 101
0x9faf050, 1e952d58, 101
0x9faf0c0, 1e952d58, 101
0x9faf130, 1e952d58, 101
0x9faf1a0, 1e952d58, 101
0x9faf210, 1e952d58, 101
0x9faf280, 1e952d58, 101
0x9faf2f0, 1e952d58, 101
0x9faf360, 1e952d58, 101
0x9faf3d0, 1e952d58, 101
0x9faf440, 1e952d58, 101
0x9faf4b0, 1e952d58, 101
0x9faf520, 1e952d58, 101
0x9faf590, 1e952d58, 101
0x9faf600, 1e952d58, 101
0x9faf670, 1e952d58, 101
0x9faf6e0, 1e952d58, 101
0x9faf750, 1e952d58, 101
0x9faf7c0, 1e952d58, 101
0x9faf830, 1e952d58, 101
0x9faf8a0, 1e952d58, 101
0x9faf910, 1e952d58, 101
0x9faf980, 1e952d58, 101
0x9faf9f0, 1e952d58, 101
0x9fafa60, 1e952d58, 101
0x9fafad0, 1e952d58, 101
0x9fafb40, 1e952d58, 101
0x9fafbb0, 1e952d58, 101
0x9fafc20, 1e952d58, 101
0x9fafc90, 1e952d58, 101
0x9fafd00, 1e952d58, 101
0x9fafd70, 1e952d58, 101
0x9fafde0, 1e952d58, 101
0x9fafe50, 1e952d58, 101
0x9fafec0, 1e952d58, 101
0x9faff30, 1e952d58, 101
0x9faffa0, 1e952d58, 101
0x9fb0010, 1e952d58, 101
0x9fb0080, 1e952d58, 101
0x9fb00f0, 1e952d58, 101
0x9fb0160, 1e952d58, 101
0x9fb01d0, 1e952d58, 101
0x9fb0240, 1e952d58, 101
0x9fb02b0, 1e952d58, 101
0x9fb0320, 1e952d58, 101
0x9fb0390, 1e952d58, 101
0x9fb0400, 1e952d58, 101
0x9fb0470, 1e952d58, 101
0x9fb04e0, 1e952d58, 101
0x9fb0550, 1e952d58, 101
0x9fb05c0, 1e952d58, 101
0x9fb0630, 1e952d58, 101
0x9fb06a0, 1e952d58, 101
0x9fb0710, 1e952d58, 101
0x9fb0780, 1e952d58, 101
0x9fb07f0, 1e952d58, 101
0x9fb0860, 1e952d58, 101
0x9fb08d0, 1e952d58, 101
0x9fb0940, 1e952d58, 101
0x9fb09b0, 1e952d58, 101
0x9fb0a20, 1e952d58, 101
0x9fb0a90, 1e952d58, 101
0x9fb0b00, 1e952d58, 101
0x9fb0b70, 1e952d58, 101
0x9fb0be0, 1e952d58, 101
0x9fb0c50, 1e952d58, 101
0x9fb0cc0, 1e952d58, 101
0x9fb0d30, 1e952d58, 101
0x9fb0da0, 1e952d58, 101
0x9fb0e10, 1e952d58, 101
0x9fb0e80, 1e952d58, 101
0x9fb0ef0, 1e952d58, 101
0x9fb0f60, 1e952d58, 101
0x9fb0fd0, 1e952d58, 101
0x9fb1040, 1e952d58, 101
0x9fb10b0, 1e952d58, 101
0x9fb1120, 1e952d58, 101
0x9fb1190, 1e952d58, 101
0x9fb1200, 1e952d58, 101
0x9fb1270, 1e952d58, 101
0x9fb12e0, 1e952d58, 101
0x9fb1350, 1e952d58, 101
0x9fb13c0, 1e952d58, 101
0x9fb1430, 1e952d58, 101
0x9fb14a0, 1e952d58, 101
0x9fb1510, 1e952d58, 101
0x9fb1580, 1e952d58, 101
0x9fb15f0, 1e952d58, 101
0x9fb1660, 1e952d58, 101
0x9fb16d0, 1e952d58, 101
0x9fb1740, 1e952d58, 101
0x9fb17b0, 1e952d58, 101
0x9fb1820, 1e952d58, 101
0x9fb1890, 1e952d58, 101
0x9fb1900, 1e952d58, 101
0x9fb1970, 1e952d58, 101
0x9fb19e0, 1e952d58, 101
0x9fb1a50, 1e952d58, 101
0x9fb1ac0, 1e952d58, 101
0x9fb1b30, 1e952d58, 101
0x9fb1ba0, 1e952d58, 101
0x9fb1c10, 1e952d58, 101
0x9fb1c80, 1e952d58, 101
0x9fb1cf0, 1e952d58, 101
0x9fb1d60, 1e952d58, 101
0x9fb1dd0, 1e952d58, 101
0x9fb1e40, 1e952d58, 101
0x9fb1eb0, 1e952d58, 101
0x9fb1f20, 1e952d58, 101
0x9fb1f90, 1e952d58, 101
0x9fb2000, 1e952d58, 101
0x9fb2070, 1e952d58, 101
0x9fb20e0, 1e952d58, 101
0x9fb2150, 1e952d58, 101
0x9fb21c0, 1e952d58, 101
0x9fb2230, 1e952d58, 101
0x9fb22a0, 1e952d58, 101
0x9fb2310, 1e952d58, 101
0x9fb2380, 1e952d58, 101
0x9fb23f0, 1e952d58, 101
0x9fb2460, 1e952d58, 101
0x9fb24d0, 1e952d58, 101
0x9fb2540, 1e952d58, 101
0x9fb25b0, 1e952d58, 101
0x9fb2620, 1e952d58, 101
0x9fb2690, 1e952d58, 101
0x9fb2700, 1e952d58, 101
0x9fb2770, 1e952d58, 101
0x9fb27e0, 1e952d58, 101
0x9fb2850, 1e952d58, 101
0x9fb28c0, 1e952d58, 101
0x9fb2930, 1e952d58, 101
0x9fb29a0, 1e952d58, 101
0x9fb2a10, 1e952d58, 101
0x9fb2a80, 1e952d58, 101
0x9fb2af0, 1e952d58, 101
0x9fb2b60, 1e952d58, 101
0x9fb2bd0, 1e952d58, 101
0x9fb2c40, 1e952d58, 101
0x9fb2cb0, 1e952d58, 101
0x9fb2d20, 1e952d58, 101
0x9fb2d90, 1e952d58, 101
0x9fb2e00, 1e952d58, 101
0x9fb2e70, 1e952d58, 101
0x9fb2ee0, 1e952d58, 101
0x9fb2f50, 1e952d58, 101
0x9fb2fc0, 1e952d58, 101
0x9fb3030, 1e952d58, 101
0x9fb30a0, 1e952d58, 101
0x9fb3110, 1e952d58, 101
0x9fb3180, 1e952d58, 101
0x9fb31f0, 1e952d58, 101
0x9fb3260, 1e952d58, 101
0x9fb32d0, 1e952d58, 101
0x9fb3340, 1e952d58, 101
0x9fb33b0, 1e952d58, 101
0x9fb3420, 1e952d58, 101
0x9fb3490, 1e952d58, 101
0x9fb3500, 1e952d58, 101
0x9fb3570, 1e952d58, 101
0x9fb35e0, 1e952d58, 101
0x9fb3650, 1e952d58, 101
0x9fb36c0, 1e952d58, 101
0x9fb3730, 1e952d58, 101
0x9fb37a0, 1e952d58, 101
0x9fb3810, 1e952d58, 101
0x9fb3880, 1e952d58, 101
0x9fb38f0, 1e952d58, 101
0x9fb3960, 1e952d58, 101
0x9fb39d0, 1e952d58, 101
0x9fb3a40, 1e952d58, 101
0x9fb3ab0, 1e952d58, 101
0x9fb3b20, 1e952d58, 101
0x9fb3b90, 1e952d58, 101
0x9fb3c00, 1e952d58, 101
0x9fb3c70, 1e952d58, 101
0x9fb3ce0, 1e952d58, 101
0x9fb3d50, 1e952d58, 101
0x9fb3dc0, 1e952d58, 101
0x9fb3e30, 1e952d58, 101
0x9fb3ea0, 1e952d58, 101
0x9fb3f10, 1e952d58, 101
0x9fb3f80, 1e952d58, 101
0x9fb3ff0, 1e952d58, 101
0x9fb4060, 1e952d58, 101
0x9fb40d0, 1e952d58, 101
0x9fb4140, 1e952d58, 101
0x9fb41b0, 1e952d58, 101
0x9fb4220, 1e952d58, 101
0x9fb4290, 1e952d58, 101
0x9fb4300, 1e952d58, 101
0x9fb4370, 1e952d58, 101
0x9fb43e0, 1e952d58, 101
0x9fb4450, 1e952d58, 101
0x9fb44c0, 1e952d58, 101
0x9fb4530, 1e952d58, 101
0x9fb45a0, 1e952d58, 101
0x9fb4610, 1e952d58, 101
0x9fb4680, 1e952d58, 101
0x9fb46f0, 1e952d58, 101
0x9fb4760, 1e952d58, 101
0x9fb47d0, 1e952d58, 101
0x9fb4840, 1e952d58, 101
0x9fb48b0, 1e952d58, 101
0x9fb4920, 1e952d58, 101
0x9fb4990, 1e952d58, 101
0x9fb4a00, 1e952d58, 101
0x9fb4a70, 1e952d58, 101
0x9fb4ae0, 1e952d58, 101
0x9fb4b50, 1e952d58, 101
0x9fb4bc0, 1e952d58, 101
0x9fb4c30, 1e952d58, 101
0x9fb4ca0, 1e952d58, 101
0x9fb4d10, 1e952d58, 101
0x9fb4d80, 1e952d58, 101
0x9fb4df0, 1e952d58, 101
0x9fb4e60, 1e952d58, 101
0x9fb4ed0, 1e952d58, 101
0x9fb4f40, 1e952d58, 101
0x9fb4fb0, 1e952d58, 101
0x9fb5020, 1e952d58, 101
0x9fb5090, 1e952d58, 101
0x9fb5100, 1e952d58, 101
0x9fb5170, 1e952d58, 101
0x9fb51e0, 1e952d58, 101
0x9fb5250, 1e952d58, 101
0x9fb52c0, 1e952d58, 101
0x9fb5330, 1e952d58, 101
0x9fb53a0, 1e952d58, 101
0x9fb5410, 1e952d58, 101
0x9fb5480, 1e952d58, 101
0x9fb54f0, 1e952d58, 101
0x9fb5560, 1e952d58, 101
0x9fb55d0, 1e952d58, 101
0x9fb5640, 1e952d58, 101
0x9fb56b0, 1e952d58, 101
0x9fb5720, 1e952d58, 101
0x9fb5790, 1e952d58, 101
0x9fb5800, 1e952d58, 101
0x9fb5870, 1e952d58, 101
0x9fb58e0, 1e952d58, 101
0x9fb5950, 1e952d58, 101
0x9fb59c0, 1e952d58, 101
0x9fb5a30, 1e952d58, 101
0x9fb5aa0, 1e952d58, 101
0x9fb5b10, 1e952d58, 101
0x9fb5b80, 1e952d58, 101
0x9fb5bf0, 1e952d58, 101
0x9fb5c60, 1e952d58, 101
0x9fb5cd0, 1e952d58, 101
0x9fb5d40, 1e952d58, 101
0x9fb5db0, 1e952d58, 101
0x9fb5e20, 1e952d58, 101
0x9fb5e90, 1e952d58, 101
0x9fb5f00, 1e952d58, 101
0x9fb5f70, 1e952d58, 101
0x9fb5fe0, 1e952d58, 101
0x9fb6050, 1e952d58, 101
0x9fb60c0, 1e952d58, 101
0x9fb6130, 1e952d58, 101
0x9fb61a0, 1e952d58, 101
0x9fb6210, 1e952d58, 101
0x9fb6280, 1e952d58, 101
0x9fb62f0, 1e952d58, 101
0x9fb6360, 1e952d58, 101
0x9fb63d0, 1e952d58, 101
0x9fb6440, 1e952d58, 101
0x9fb64b0, 1e952d58, 101
0x9fb6520, 1e952d58, 101
0x9fb6590, 1e952d58, 101
0x9fb6600, 1e952d58, 101
0x9fb6670, 1e952d58, 101
0x9fb66e0, 1e952d58, 101
0x9fb6750, 1e952d58, 101
0x9fb67c0, 1e952d58, 101
0x9fb6830, 1e952d58, 101
0x9fb68a0, 1e952d58, 101
0x9fb6910, 1e952d58, 101
0x9fb6980, 1e952d58, 101
0x9fb69f0, 1e952d58, 101
0x9fb6a60, 1e952d58, 101
0x9fb6ad0, 1e952d58, 101
0x9fb6b40, 1e952d58, 101
0x9fb6bb0, 1e952d58, 101
0x9fb6c20, 1e952d58, 101
0x9fb6c90, 1e952d58, 101
0x9fb6d00, 1e952d58, 101
0x9fb6d70, 1e952d58, 101
0x9fb6de0, 1e952d58, 101
0x9fb6e50, 1e952d58, 101
0x9fb6ec0, 1e952d58, 101
0x9fb6f30, 1e952d58, 101
0x9fb6fa0, 1e952d58, 101
0x9fb7010, 1e952d58, 101
0x9fb7080, 1e952d58, 101
0x9fb70f0, 1e952d58, 101
0x9fb7160, 1e952d58, 101
0x9fb71d0, 1e952d58, 101
0x9fb7240, 1e952d58, 101
0x9fb72b0, 1e952d58, 101
0x9fb7320, 1e952d58, 101
0x9fb7390, 1e952d58, 101
0x9fb7400, 1e952d58, 101
0x9fb7470, 1e952d58, 101
0x9fb74e0, 1e952d58, 101
0x9fb7550, 1e952d58, 101
0x9fb75c0, 1e952d58, 101
0x9fb7630, 1e952d58, 101
0x9fb76a0, 1e952d58, 101
0x9fb7710, 1e952d58, 101
0x9fb7780, 1e952d58, 101
0x9fb77f0, 1e952d58, 101
0x9fb7860, 1e952d58, 101
0x9fb78d0, 1e952d58, 101
0x9fb7940, 1e952d58, 101
0x9fb79b0, 1e952d58, 101
0x9fb7a20, 1e952d58, 101
0x9fb7a90, 1e952d58, 101
0x9fb7b00, 1e952d58, 101
0x9fb7b70, 1e952d58, 101
0x9fb7be0, 1e952d58, 101
0x9fb7c50, 1e952d58, 101
0x9fb7cc0, 1e952d58, 101
0x9fb7d30, 1e952d58, 101
0x9fb7da0, 1e952d58, 101
0x9fb7e10, 1e952d58, 101
0x9fb7e80, 1e952d58, 101
0x9fb7ef0, 1e952d58, 101
0x9fb7f60, 1e952d58, 101
0x9fb7fd0, 1e952d58, 101
0x9fb8040, 1e952d58, 101
0x9fb80b0, 1e952d58, 101
0x9fb8120, 1e952d58, 101
0x9fb8190, 1e952d58, 101
0x9fb8200, 1e952d58, 101
0x9fb8270, 1e952d58, 101
0x9fb82e0, 1e952d58, 101
0x9fb8350, 1e952d58, 101
0x9fb83c0, 1e952d58, 101
0x9fb8430, 1e952d58, 101
0x9fb84a0, 1e952d58, 101
0x9fb8510, 1e952d58, 101
0x9fb8580, 1e952d58, 101
0x9fb85f0, 1e952d58, 101
0x9fb8660, 1e952d58, 101
0x9fb86d0, 1e952d58, 101
0x9fb8740, 1e952d58, 101
0x9fb87b0, 1e952d58, 101
0x9fb8820, 1e952d58, 101
0x9fb8890, 1e952d58, 101
0x9fb8900, 1e952d58, 101
0x9fb8970, 1e952d58, 101
0x9fb89e0, 1e952d58, 101
0x9fb8a50, 1e952d58, 101
0x9fb8ac0, 1e952d58, 101
0x9fb8b30, 1e952d58, 101
0x9fb8ba0, 1e952d58, 101
0x9fb8c10, 1e952d58, 101
0x9fb8c80, 1e952d58, 101
0x9fb8cf0, 1e952d58, 101
0x9fb8d60, 1e952d58, 101
0x9fb8dd0, 1e952d58, 101
0x9fb8e40, 1e952d58, 101
0x9fb8eb0, 1e952d58, 101
0x9fb8f20, 1e952d58, 101
0x9fb8f90, 1e952d58, 101
0x9fb9000, 1e952d58, 101
0x9fb9070, 1e952d58, 101
0x9fb90e0, 1e952d58, 101
0x9fb9150, 1e952d58, 101
0x9fb91c0, 1e952d58, 101
0x9fb9230, 1e952d58, 101
0x9fb92a0, 1e952d58, 101
0x9fb9310, 1e952d58, 101
0x9fb9380, 1e952d58, 101
0x9fb93f0, 1e952d58, 101
0x9fb9460, 1e952d58, 101
0x9fb94d0, 1e952d58, 101
0x9fb9540, 1e952d58, 101
0x9fb95b0, 1e952d58, 101
0x9fb9620, 1e952d58, 101
0x9fb9690, 1e952d58, 101
0x9fb9700, 1e952d58, 101
0x9fb9770, 1e952d58, 101
0x9fb97e0, 1e952d58, 101
0x9fb9850, 1e952d58, 101
0x9fb98c0, 1e952d58, 101
0x9fb9930, 1e952d58, 101
0x9fb99a0, 1e952d58, 101
0x9fb9a10, 1e952d58, 101
0x9fb9a80, 1e952d58, 101
0x9fb9af0, 1e952d58, 101
0x9fb9b60, 1e952d58, 101
0x9fb9bd0, 1e952d58, 101
0x9fb9c40, 1e952d58, 101
0x9fb9cb0, 1e952d58, 101
0x9fb9d20, 1e952d58, 101
0x9fb9d90, 1e952d58, 101
0x9fb9e00, 1e952d58, 101
0x9fb9e70, 1e952d58, 101
0x9fb9ee0, 1e952d58, 101
0x9fb9f50, 1e952d58, 101
0x9fb9fc0, 1e952d58, 101
0x9fba030, 1e952d58, 101
0x9fba0a0, 1e952d58, 101
0x9fba110, 1e952d58, 101
0x9fba180, 1e952d58, 101
0x9fba1f0, 1e952d58, 101
0x9fba260, 1e952d58, 101
0x9fba2d0, 1e952d58, 101
0x9fba340, 1e952d58, 101
0x9fba3b0, 1e952d58, 101
0x9fba420, 1e952d58, 101
0x9fba490, 1e952d58, 101
0x9fba500, 1e952d58, 101
0x9fba570, 1e952d58, 101
0x9fba5e0, 1e952d58, 101
0x9fba650, 1e952d58, 101
0x9fba6c0, 1e952d58, 101
0x9fba730, 1e952d58, 101
0x9fba7a0, 1e952d58, 101
0x9fba810, 1e952d58, 101
0x9fba880, 1e952d58, 101
0x9fba8f0, 1e952d58, 101
0x9fba960, 1e952d58, 101
0x9fba9d0, 1e952d58, 101
0x9fbaa40, 1e952d58, 101
0x9fbaab0, 1e952d58, 101
0x9fbab20, 1e952d58, 101
0x9fbab90, 1e952d58, 101
0x9fbac00, 1e952d58, 101
0x9fbac70, 1e952d58, 101
0x9fbace0, 1e952d58, 101
0x9fbad50, 1e952d58, 101
0x9fbadc0, 1e952d58, 101
0x9fbae30, 1e952d58, 101
0x9fbaea0, 1e952d58, 101
0x9fbaf10, 1e952d58, 101
0x9fbaf80, 1e952d58, 101
0x9fbaff0, 1e952d58, 101
0x9fbb060, 1e952d58, 101
0x9fbb0d0, 1e952d58, 101
0x9fbb140, 1e952d58, 101
0x9fbb1b0, 1e952d58, 101
0x9fbb220, 1e952d58, 101
0x9fbb290, 1e952d58, 101
0x9fbb300, 1e952d58, 101
0x9fbb370, 1e952d58, 101
0x9fbb3e0, 1e952d58, 101
0x9fbb450, 1e952d58, 101
0x9fbb4c0, 1e952d58, 101
0x9fbb530, 1e952d58, 101
0x9fbb5a0, 1e952d58, 101
0x9fbb610, 1e952d58, 101
0x9fbb680, 1e952d58, 101
0x9fbb6f0, 1e952d58, 101
0x9fbb760, 1e952d58, 101
0x9fbb7d0, 1e952d58, 101
0x9fbb840, 1e952d58, 101
0x9fbb8b0, 1e952d58, 101
0x9fbb920, 1e952d58, 101
0x9fbb990, 1e952d58, 101
0x9fbba00, 1e952d58, 101
0x9fbba70, 1e952d58, 101
0x9fbbae0, 1e952d58, 101
0x9fbbb50, 1e952d58, 101
0x9fbbbc0, 1e952d58, 101
0x9fbbc30, 1e952d58, 101
0x9fbbca0, 1e952d58, 101
0x9fbbd10, 1e952d58, 101
0x9fbbd80, 1e952d58, 101
0x9fbbdf0, 1e952d58, 101
0x9fbbe60, 1e952d58, 101
0x9fbbed0, 1e952d58, 101
0x9fbbf40, 1e952d58, 101
0x9fbbfb0, 1e952d58, 101
0x9fbc020, 1e952d58, 101
0x9fbc090, 1e952d58, 101
0x9fbc100, 1e952d58, 101
0x9fbc170, 1e952d58, 101
0x9fbc1e0, 1e952d58, 101
0x9fbc250, 1e952d58, 101
0x9fbc2c0, 1e952d58, 101
0x9fbc330, 1e952d58, 101
0x9fbc3a0, 1e952d58, 101
0x9fbc410, 1e952d58, 101
0x9fbc480, 1e952d58, 101
0x9fbc4f0, 1e952d58, 101
0x9fbc560, 1e952d58, 101
0x9fbc5d0, 1e952d58, 101
0x9fbc640, 1e952d58, 101
0x9fbc6b0, 1e952d58, 101
0x9fbc720, 1e952d58, 101
0x9fbc790, 1e952d58, 101
0x9fbc800, 1e952d58, 101
0x9fbc870, 1e952d58, 101
0x9fbc8e0, 1e952d58, 101
0x9fbc950, 1e952d58, 101
0x9fbc9c0, 1e952d58, 101
0x9fbca30, 1e952d58, 101
0x9fbcaa0, 1e952d58, 101
0x9fbcb10, 1e952d58, 101
0x9fbcb80, 1e952d58, 101
0x9fbcbf0, 1e952d58, 101
0x9fbcc60, 1e952d58, 101
0x9fbccd0, 1e952d58, 101
0x9fbcd40, 1e952d58, 101
0x9fbcdb0, 1e952d58, 101
0x9fbce20, 1e952d58, 101
0x9fbce90, 1e952d58, 101
0x9fbcf00, 1e952d58, 101
0x9fbcf70, 1e952d58, 101
0x9fbd050, 1e952d58, 101
0x9fbd0c0, 1e952d58, 101
0x9fbd130, 1e952d58, 101
0x9fbd1a0, 1e952d58, 101
0x9fbd210, 1e952d58, 101
0x9fbd280, 1e952d58, 101
0x9fbd2f0, 1e952d58, 101
0x9fbd360, 1e952d58, 101
0x9fbd3d0, 1e952d58, 101
0x9fbd440, 1e952d58, 101
0x9fbd4b0, 1e952d58, 101
0x9fbd520, 1e952d58, 101
0x9fbd590, 1e952d58, 101
0x9fbd600, 1e952d58, 101
0x9fbd670, 1e952d58, 101
0x9fbd6e0, 1e952d58, 101
0x9fbd750, 1e952d58, 101
0x9fbd7c0, 1e952d58, 101
0x9fbd830, 1e952d58, 101
0x9fbd8a0, 1e952d58, 101
0x9fbd910, 1e952d58, 101
0x9fbd980, 1e952d58, 101
0x9fbd9f0, 1e952d58, 101
0x9fbda60, 1e952d58, 101
0x9fbdad0, 1e952d58, 101
0x9fbdb40, 1e952d58, 101
0x9fbdbb0, 1e952d58, 101
0x9fbdc20, 1e952d58, 101
0x9fbdc90, 1e952d58, 101
0x9fbdd00, 1e952d58, 101
0x9fbdd70, 1e952d58, 101
0x9fbdde0, 1e952d58, 101
0x9fbde50, 1e952d58, 101
0x9fbdec0, 1e952d58, 101
0x9fbdf30, 1e952d58, 101
0x9fbdfa0, 1e952d58, 101
0x9fbe010, 1e952d58, 101
0x9fbe080, 1e952d58, 101
0x9fbe0f0, 1e952d58, 101
0x9fbe160, 1e952d58, 101
0x9fbe1d0, 1e952d58, 101
0x9fbe240, 1e952d58, 101
0x9fbe2b0, 1e952d58, 101
0x9fbe320, 1e952d58, 101
0x9fbe390, 1e952d58, 101
0x9fbe400, 1e952d58, 101
0x9fbe470, 1e952d58, 101
0x9fbe4e0, 1e952d58, 101
0x9fbe550, 1e952d58, 101
0x9fbe5c0, 1e952d58, 101
0x9fbe630, 1e952d58, 101
0x9fbe6a0, 1e952d58, 101
0x9fbe710, 1e952d58, 101
0x9fbe780, 1e952d58, 101
0x9fbe7f0, 1e952d58, 101
0x9fbe860, 1e952d58, 101
0x9fbe8d0, 1e952d58, 101
0x9fbe940, 1e952d58, 101
0x9fbe9b0, 1e952d58, 101
0x9fbea20, 1e952d58, 101
0x9fbea90, 1e952d58, 101
0x9fbeb00, 1e952d58, 101
0x9fbeb70, 1e952d58, 101
0x9fbebe0, 1e952d58, 101
0x9fbec50, 1e952d58, 101
0x9fbecc0, 1e952d58, 101
0x9fbed30, 1e952d58, 101
0x9fbeda0, 1e952d58, 101
0x9fbee10, 1e952d58, 101
0x9fbee80, 1e952d58, 101
0x9fbeef0, 1e952d58, 101
0x9fbef60, 1e952d58, 101
0x9fbefd0, 1e952d58, 101
0x9fbf040, 1e952d58, 101
0x9fbf0b0, 1e952d58, 101
0x9fbf120, 1e952d58, 101
0x9fbf190, 1e952d58, 101
0x9fbf200, 1e952d58, 101
0x9fbf270, 1e952d58, 101
0x9fbf2e0, 1e952d58, 101
0x9fbf350, 1e952d58, 101
0x9fbf3c0, 1e952d58, 101
0x9fbf430, 1e952d58, 101
0x9fbf4a0, 1e952d58, 101
0x9fbf510, 1e952d58, 101
0x9fbf580, 1e952d58, 101
0x9fbf5f0, 1e952d58, 101
0x9fbf660, 1e952d58, 101
0x9fbf6d0, 1e952d58, 101
0x9fbf740, 1e952d58, 101
0x9fbf7b0, 1e952d58, 101
0x9fbf820, 1e952d58, 101
0x9fbf890, 1e952d58, 101
0x9fbf900, 1e952d58, 101
0x9fbf970, 1e952d58, 101
0x9fbf9e0, 1e952d58, 101
0x9fbfa50, 1e952d58, 101
0x9fbfac0, 1e952d58, 101
0x9fbfb30, 1e952d58, 101
0x9fbfba0, 1e952d58, 101
0x9fbfc10, 1e952d58, 101
0x9fbfc80, 1e952d58, 101
0x9fbfcf0, 1e952d58, 101
0x9fbfd60, 1e952d58, 101
0x9fbfdd0, 1e952d58, 101
0x9fbfe40, 1e952d58, 101
0x9fbfeb0, 1e952d58, 101
0x9fbff20, 1e952d58, 101
0x9fbff90, 1e952d58, 101
0x9fc0000, 1e952d58, 101
0x9fc0070, 1e952d58, 101
0x9fc00e0, 1e952d58, 101
0x9fc0150, 1e952d58, 101
0x9fc01c0, 1e952d58, 101
0x9fc0230, 1e952d58, 101
0x9fc02a0, 1e952d58, 101
0x9fc0310, 1e952d58, 101
0x9fc0380, 1e952d58, 101
0x9fc03f0, 1e952d58, 101
0x9fc0460, 1e952d58, 101
0x9fc04d0, 1e952d58, 101
0x9fc0540, 1e952d58, 101
0x9fc05b0, 1e952d58, 101
0x9fc0620, 1e952d58, 101
0x9fc0690, 1e952d58, 101
0x9fc0700, 1e952d58, 101
0x9fc0770, 1e952d58, 101
0x9fc07e0, 1e952d58, 101
0x9fc0850, 1e952d58, 101
0x9fc08c0, 1e952d58, 101
0x9fc0930, 1e952d58, 101
0x9fc09a0, 1e952d58, 101
0x9fc0a10, 1e952d58, 101
0x9fc0a80, 1e952d58, 101
0x9fc0af0, 1e952d58, 101
0x9fc0b60, 1e952d58, 101
0x9fc0bd0, 1e952d58, 101
0x9fc0c40, 1e952d58, 101
0x9fc0cb0, 1e952d58, 101
0x9fc0d20, 1e952d58, 101
0x9fc0d90, 1e952d58, 101
0x9fc0e00, 1e952d58, 101
0x9fc0e70, 1e952d58, 101
0x9fc0ee0, 1e952d58, 101
0x9fc0f50, 1e952d58, 101
0x9fc0fc0, 1e952d58, 101
0x9fc1030, 1e952d58, 101
0x9fc10a0, 1e952d58, 101
0x9fc1110, 1e952d58, 101
0x9fc1180, 1e952d58, 101
0x9fc11f0, 1e952d58, 101
0x9fc1260, 1e952d58, 101
0x9fc12d0, 1e952d58, 101
0x9fc1340, 1e952d58, 101
0x9fc13b0, 1e952d58, 101
0x9fc1420, 1e952d58, 101
0x9fc1490, 1e952d58, 101
0x9fc1500, 1e952d58, 101
0x9fc1570, 1e952d58, 101
0x9fc15e0, 1e952d58, 101
0x9fc1650, 1e952d58, 101
0x9fc16c0, 1e952d58, 101
0x9fc1730, 1e952d58, 101
0x9fc17a0, 1e952d58, 101
0x9fc1810, 1e952d58, 101
0x9fc1880, 1e952d58, 101
0x9fc18f0, 1e952d58, 101
0x9fc1960, 1e952d58, 101
0x9fc19d0, 1e952d58, 101
0x9fc1a40, 1e952d58, 101
0x9fc1ab0, 1e952d58, 101
0x9fc1b20, 1e952d58, 101
0x9fc1b90, 1e952d58, 101
0x9fc1c00, 1e952d58, 101
0x9fc1c70, 1e952d58, 101
0x9fc1ce0, 1e952d58, 101
0x9fc1d50, 1e952d58, 101
0x9fc1dc0, 1e952d58, 101
0x9fc1e30, 1e952d58, 101
0x9fc1ea0, 1e952d58, 101
0x9fc1f10, 1e952d58, 101
0x9fc1f80, 1e952d58, 101
0x9fc1ff0, 1e952d58, 101
0x9fc2060, 1e952d58, 101
0x9fc20d0, 1e952d58, 101
0x9fc2140, 1e952d58, 101
0x9fc21b0, 1e952d58, 101
0x9fc2220, 1e952d58, 101
0x9fc2290, 1e952d58, 101
0x9fc2300, 1e952d58, 101
0x9fc2370, 1e952d58, 101
0x9fc23e0, 1e952d58, 101
0x9fc2450, 1e952d58, 101
0x9fc24c0, 1e952d58, 101
0x9fc2530, 1e952d58, 101
0x9fc25a0, 1e952d58, 101
0x9fc2610, 1e952d58, 101
0x9fc2680, 1e952d58, 101
0x9fc26f0, 1e952d58, 101
0x9fc2760, 1e952d58, 101
0x9fc27d0, 1e952d58, 101
0x9fc2840, 1e952d58, 101
0x9fc28b0, 1e952d58, 101
0x9fc2920, 1e952d58, 101
0x9fc2990, 1e952d58, 101
0x9fc2a00, 1e952d58, 101
0x9fc2a70, 1e952d58, 101
0x9fc2ae0, 1e952d58, 101
0x9fc2b50, 1e952d58, 101
0x9fc2bc0, 1e952d58, 101
0x9fc2c30, 1e952d58, 101
0x9fc2ca0, 1e952d58, 101
0x9fc2d10, 1e952d58, 101
0x9fc2d80, 1e952d58, 101
0x9fc2df0, 1e952d58, 101
0x9fc2e60, 1e952d58, 101
0x9fc2ed0, 1e952d58, 101
0x9fc2f40, 1e952d58, 101
0x9fc2fb0, 1e952d58, 101
0x9fc3020, 1e952d58, 101
0x9fc3090, 1e952d58, 101
0x9fc3100, 1e952d58, 101
0x9fc3170, 1e952d58, 101
0x9fc31e0, 1e952d58, 101
0x9fc3250, 1e952d58, 101
0x9fc32c0, 1e952d58, 101
0x9fc3330, 1e952d58, 101
0x9fc33a0, 1e952d58, 101
0x9fc3410, 1e952d58, 101
0x9fc3480, 1e952d58, 101
0x9fc34f0, 1e952d58, 101
0x9fc3560, 1e952d58, 101
0x9fc35d0, 1e952d58, 101
0x9fc3640, 1e952d58, 101
0x9fc36b0, 1e952d58, 101
0x9fc3720, 1e952d58, 101
0x9fc3790, 1e952d58, 101
0x9fc3800, 1e952d58, 101
0x9fc3870, 1e952d58, 101
0x9fc38e0, 1e952d58, 101
0x9fc3950, 1e952d58, 101
0x9fc39c0, 1e952d58, 101
0x9fc3a30, 1e952d58, 101
0x9fc3aa0, 1e952d58, 101
0x9fc3b10, 1e952d58, 101
0x9fc3b80, 1e952d58, 101
0x9fc3bf0, 1e952d58, 101
0x9fc3c60, 1e952d58, 101
0x9fc3cd0, 1e952d58, 101
0x9fc3d40, 1e952d58, 101
0x9fc3db0, 1e952d58, 101
0x9fc3e20, 1e952d58, 101
0x9fc3e90, 1e952d58, 101
0x9fc3f00, 1e952d58, 101
0x9fc3f70, 1e952d58, 101
0x9fc3fe0, 1e952d58, 101
0x9fc4050, 1e952d58, 101
0x9fc40c0, 1e952d58, 101
0x9fc4130, 1e952d58, 101
0x9fc41a0, 1e952d58, 101
0x9fc4280, 1e952d58, 101
0x9fc42f0, 1e952d58, 101
0x9fc4360, 1e952d58, 101
0x9fc43d0, 1e952d58, 101
0x9fc4440, 1e952d58, 101
0x9fc44b0, 1e952d58, 101
0x9fc4520, 1e952d58, 101
0x9fc4590, 1e952d58, 101
0x9fc4600, 1e952d58, 101
0x9fc4670, 1e952d58, 101
0x9fc46e0, 1e952d58, 101
0x9fc4750, 1e952d58, 101
0x9fc47c0, 1e952d58, 101
0x9fc4830, 1e952d58, 101
0x9fc48a0, 1e952d58, 101
0x9fc4910, 1e952d58, 101
0x9fc4980, 1e952d58, 101
0x9fc49f0, 1e952d58, 101
0x9fc4a60, 1e952d58, 101
0x9fc4ad0, 1e952d58, 101
0x9fc4b40, 1e952d58, 101
0x9fc4bb0, 1e952d58, 101
0x9fc4c20, 1e952d58, 101
0x9fc4c90, 1e952d58, 101
0x9fc4d00, 1e952d58, 101
0x9fc4d70, 1e952d58, 101
0x9fc4de0, 1e952d58, 101
0x9fc4e50, 1e952d58, 101
0x9fc4ec0, 1e952d58, 101
0x9fc4f30, 1e952d58, 101
0x9fc4fa0, 1e952d58, 101
0x9fc5010, 1e952d58, 101
0x9fc5080, 1e952d58, 101
0x9fc50f0, 1e952d58, 101
0x9fc5160, 1e952d58, 101
0x9fc51d0, 1e952d58, 101
0x9fc5240, 1e952d58, 101
0x9fc52b0, 1e952d58, 101
0x9fc5320, 1e952d58, 101
0x9fc5390, 1e952d58, 101
0x9fc5400, 1e952d58, 101
0x9fc5470, 1e952d58, 101
0x9fc54e0, 1e952d58, 101
0x9fc5550, 1e952d58, 101
0x9fc55c0, 1e952d58, 101
0x9fc5630, 1e952d58, 101
0x9fc56a0, 1e952d58, 101
0x9fc5710, 1e952d58, 101
0x9fc5780, 1e952d58, 101
0x9fc57f0, 1e952d58, 101
0x9fc5860, 1e952d58, 101
0x9fc58d0, 1e952d58, 101
0x9fc5940, 1e952d58, 101
0x9fc59b0, 1e952d58, 101
0x9fc5a20, 1e952d58, 101
0x9fc5a90, 1e952d58, 101
0x9fc5b00, 1e952d58, 101
0x9fc5b70, 1e952d58, 101
0x9fc5be0, 1e952d58, 101
0x9fc5c50, 1e952d58, 101
0x9fc5cc0, 1e952d58, 101
0x9fc5d30, 1e952d58, 101
0x9fc5da0, 1e952d58, 101
0x9fc5e10, 1e952d58, 101
0x9fc5e80, 1e952d58, 101
0x9fc5ef0, 1e952d58, 101
0x9fc5f60, 1e952d58, 101
0x9fc5fd0, 1e952d58, 101
0x9fc6040, 1e952d58, 101
0x9fc60b0, 1e952d58, 101
0x9fc6120, 1e952d58, 101
0x9fc6190, 1e952d58, 101
0x9fc6200, 1e952d58, 101
0x9fc6270, 1e952d58, 101
0x9fc62e0, 1e952d58, 101
0x9fc6350, 1e952d58, 101
0x9fc63c0, 1e952d58, 101
0x9fc6430, 1e952d58, 101
0x9fc64a0, 1e952d58, 101
0x9fc6510, 1e952d58, 101
0x9fc6580, 1e952d58, 101
0x9fc65f0, 1e952d58, 101
0x9fc6660, 1e952d58, 101
0x9fc66d0, 1e952d58, 101
0x9fc6740, 1e952d58, 101
0x9fc67b0, 1e952d58, 101
0x9fc6820, 1e952d58, 101
0x9fc6890, 1e952d58, 101
0x9fc6900, 1e952d58, 101
0x9fc6970, 1e952d58, 101
0x9fc69e0, 1e952d58, 101
0x9fc6a50, 1e952d58, 101
0x9fc6ac0, 1e952d58, 101
0x9fc6b30, 1e952d58, 101
0x9fc6ba0, 1e952d58, 101
0x9fc6c10, 1e952d58, 101
0x9fc6c80, 1e952d58, 101
0x9fc6cf0, 1e952d58, 101
0x9fc6d60, 1e952d58, 101
0x9fc6dd0, 1e952d58, 101
0x9fc6e40, 1e952d58, 101
0x9fc6eb0, 1e952d58, 101
0x9fc6f20, 1e952d58, 101
0x9fc6f90, 1e952d58, 101
0x9fc7000, 1e952d58, 101
0x9fc7070, 1e952d58, 101
0x9fc70e0, 1e952d58, 101
0x9fc7150, 1e952d58, 101
0x9fc71c0, 1e952d58, 101
0x9fc7230, 1e952d58, 101
0x9fc72a0, 1e952d58, 101
0x9fc7310, 1e952d58, 101
0x9fc7380, 1e952d58, 101
0x9fc73f0, 1e952d58, 101
0x9fc7460, 1e952d58, 101
0x9fc74d0, 1e952d58, 101
0x9fc7540, 1e952d58, 101
0x9fc75b0, 1e952d58, 101
0x9fc7620, 1e952d58, 101
0x9fc7690, 1e952d58, 101
0x9fc7700, 1e952d58, 101
0x9fc7770, 1e952d58, 101
0x9fc77e0, 1e952d58, 101
0x9fc7850, 1e952d58, 101
0x9fc78c0, 1e952d58, 101
0x9fc7930, 1e952d58, 101
0x9fc79a0, 1e952d58, 101
0x9fc7a10, 1e952d58, 101
0x9fc7a80, 1e952d58, 101
0x9fc7af0, 1e952d58, 101
0x9fc7b60, 1e952d58, 101
0x9fc7bd0, 1e952d58, 101
0x9fc7c40, 1e952d58, 101
0x9fc7cb0, 1e952d58, 101
0x9fc7d20, 1e952d58, 101
0x9fc7d90, 1e952d58, 101
0x9fc7e00, 1e952d58, 101
0x9fc7e70, 1e952d58, 101
0x9fc7ee0, 1e952d58, 101
0x9fc7f50, 1e952d58, 101
0x9fc7fc0, 1e952d58, 101
0x9fc8030, 1e952d58, 101
0x9fc80a0, 1e952d58, 101
0x9fc8110, 1e952d58, 101
0x9fc8180, 1e952d58, 101
0x9fc81f0, 1e952d58, 101
0x9fc8260, 1e952d58, 101
0x9fc82d0, 1e952d58, 101
0x9fc8340, 1e952d58, 101
0x9fc83b0, 1e952d58, 101
0x9fc8420, 1e952d58, 101
0x9fc8490, 1e952d58, 101
0x9fc8500, 1e952d58, 101
0x9fc8570, 1e952d58, 101
0x9fc85e0, 1e952d58, 101
0x9fc8650, 1e952d58, 101
0x9fc86c0, 1e952d58, 101
0x9fc8730, 1e952d58, 101
0x9fc87a0, 1e952d58, 101
0x9fc8810, 1e952d58, 101
0x9fc8880, 1e952d58, 101
0x9fc88f0, 1e952d58, 101
0x9fc8960, 1e952d58, 101
0x9fc89d0, 1e952d58, 101
0x9fc8a40, 1e952d58, 101
0x9fc8ab0, 1e952d58, 101
0x9fc8b20, 1e952d58, 101
0x9fc8b90, 1e952d58, 101
0x9fc8c70, 1e952d58, 101
0x9fc8ce0, 1e952d58, 101
0x9fc8d50, 1e952d58, 101
0x9fc8dc0, 1e952d58, 101
0x9fc8e30, 1e952d58, 101
0x9fc8ea0, 1e952d58, 101
0x9fc8f10, 1e952d58, 101
0x9fc8f80, 1e952d58, 101
0x9fc8ff0, 1e952d58, 101
0x9fc9060, 1e952d58, 101
0x9fc90d0, 1e952d58, 101
0x9fc9140, 1e952d58, 101
0x9fc91b0, 1e952d58, 101
0x9fc9220, 1e952d58, 101
0x9fc9290, 1e952d58, 101
0x9fc9300, 1e952d58, 101
0x9fc9370, 1e952d58, 101
0x9fc93e0, 1e952d58, 101
0x9fc9450, 1e952d58, 101
0x9fc94c0, 1e952d58, 101
0x9fc9530, 1e952d58, 101
0x9fc95a0, 1e952d58, 101
0x9fc9610, 1e952d58, 101
0x9fc9680, 1e952d58, 101
0x9fc96f0, 1e952d58, 101
0x9fc9760, 1e952d58, 101
0x9fc97d0, 1e952d58, 101
0x9fc9840, 1e952d58, 101
0x9fc98b0, 1e952d58, 101
0x9fc9920, 1e952d58, 101
0x9fc9990, 1e952d58, 101
0x9fc9a00, 1e952d58, 101
0x9fc9a70, 1e952d58, 101
0x9fc9ae0, 1e952d58, 101
0x9fc9b50, 1e952d58, 101
0x9fc9bc0, 1e952d58, 101
0x9fc9c30, 1e952d58, 101
0x9fc9ca0, 1e952d58, 101
0x9fc9d10, 1e952d58, 101
0x9fc9d80, 1e952d58, 101
0x9fc9df0, 1e952d58, 101
0x9fc9e60, 1e952d58, 101
0x9fc9ed0, 1e952d58, 101
0x9fc9f40, 1e952d58, 101
0x9fc9fb0, 1e952d58, 101
0x9fca020, 1e952d58, 101
0x9fca090, 1e952d58, 101
0x9fca100, 1e952d58, 101
0x9fca170, 1e952d58, 101
0x9fca1e0, 1e952d58, 101
0x9fca250, 1e952d58, 101
0x9fca2c0, 1e952d58, 101
0x9fca330, 1e952d58, 101
0x9fca3a0, 1e952d58, 101
0x9fca410, 1e952d58, 101
0x9fca480, 1e952d58, 101
0x9fca4f0, 1e952d58, 101
0x9fca560, 1e952d58, 101
0x9fca5d0, 1e952d58, 101
0x9fca640, 1e952d58, 101
0x9fca6b0, 1e952d58, 101
0x9fca720, 1e952d58, 101
0x9fca790, 1e952d58, 101
0x9fca800, 1e952d58, 101
0x9fca870, 1e952d58, 101
0x9fca8e0, 1e952d58, 101
0x9fca950, 1e952d58, 101
0x9fca9c0, 1e952d58, 101
0x9fcaa30, 1e952d58, 101
0x9fcaaa0, 1e952d58, 101
0x9fcab10, 1e952d58, 101
0x9fcab80, 1e952d58, 101
0x9fcabf0, 1e952d58, 101
0x9fcac60, 1e952d58, 101
0x9fcacd0, 1e952d58, 101
0x9fcad40, 1e952d58, 101
0x9fcadb0, 1e952d58, 101
0x9fcae20, 1e952d58, 101
0x9fcae90, 1e952d58, 101
0x9fcaf00, 1e952d58, 101
0x9fcaf70, 1e952d58, 101
0x9fcafe0, 1e952d58, 101
0x9fcb050, 1e952d58, 101
0x9fcb0c0, 1e952d58, 101
0x9fcb130, 1e952d58, 101
0x9fcb1a0, 1e952d58, 101
0x9fcb210, 1e952d58, 101
0x9fcb280, 1e952d58, 101
0x9fcb2f0, 1e952d58, 101
0x9fcb360, 1e952d58, 101
0x9fcb3d0, 1e952d58, 101
0x9fcb440, 1e952d58, 101
0x9fcb4b0, 1e952d58, 101
0x9fcb520, 1e952d58, 101
0x9fcb590, 1e952d58, 101
0x9fcb600, 1e952d58, 101
0x9fcb670, 1e952d58, 101
0x9fcb6e0, 1e952d58, 101
0x9fcb750, 1e952d58, 101
0x9fcb7c0, 1e952d58, 101
0x9fcb830, 1e952d58, 101
0x9fcb8a0, 1e952d58, 101
0x9fcb910, 1e952d58, 101
0x9fcb980, 1e952d58, 101
0x9fcb9f0, 1e952d58, 101
0x9fcba60, 1e952d58, 101
0x9fcbad0, 1e952d58, 101
0x9fcbb40, 1e952d58, 101
0x9fcbbb0, 1e952d58, 101
0x9fcbc20, 1e952d58, 101
0x9fcbc90, 1e952d58, 101
0x9fcbd00, 1e952d58, 101
0x9fcbd70, 1e952d58, 101
0x9fcbde0, 1e952d58, 101
0x9fcbe50, 1e952d58, 101
0x9fcbec0, 1e952d58, 101
0x9fcbf30, 1e952d58, 101
0x9fcbfa0, 1e952d58, 101
0x9fcc010, 1e952d58, 101
0x9fcc080, 1e952d58, 101
0x9fcc0f0, 1e952d58, 101
0x9fcc160, 1e952d58, 101
0x9fcc1d0, 1e952d58, 101
0x9fcc240, 1e952d58, 101
0x9fcc2b0, 1e952d58, 101
0x9fcc320, 1e952d58, 101
0x9fcc390, 1e952d58, 101
0x9fcc400, 1e952d58, 101
0x9fcc470, 1e952d58, 101
0x9fcc4e0, 1e952d58, 101
0x9fcc550, 1e952d58, 101
0x9fcc5c0, 1e952d58, 101
0x9fcc630, 1e952d58, 101
0x9fcc6a0, 1e952d58, 101
0x9fcc710, 1e952d58, 101
0x9fcc780, 1e952d58, 101
0x9fcc7f0, 1e952d58, 101
0x9fcc860, 1e952d58, 101
0x9fcc8d0, 1e952d58, 101
0x9fcc940, 1e952d58, 101
0x9fcc9b0, 1e952d58, 101
0x9fcca20, 1e952d58, 101
0x9fcca90, 1e952d58, 101
0x9fccb00, 1e952d58, 101
0x9fccb70, 1e952d58, 101
0x9fccbe0, 1e952d58, 101
0x9fccc50, 1e952d58, 101
0x9fcccc0, 1e952d58, 101
0x9fccd30, 1e952d58, 101
0x9fccda0, 1e952d58, 101
0x9fcce10, 1e952d58, 101
0x9fcce80, 1e952d58, 101
0x9fccef0, 1e952d58, 101
0x9fccf60, 1e952d58, 101
0x9fccfd0, 1e952d58, 101
0x9fcd040, 1e952d58, 101
0x9fcd0b0, 1e952d58, 101
0x9fcd120, 1e952d58, 101
0x9fcd190, 1e952d58, 101
0x9fcd200, 1e952d58, 101
0x9fcd270, 1e952d58, 101
0x9fcd2e0, 1e952d58, 101
0x9fcd350, 1e952d58, 101
0x9fcd3c0, 1e952d58, 101
0x9fcd430, 1e952d58, 101
0x9fcd4a0, 1e952d58, 101
0x9fcd510, 1e952d58, 101
0x9fcd580, 1e952d58, 101
0x9fcd5f0, 1e952d58, 101
0x9fcd660, 1e952d58, 101
0x9fcd6d0, 1e952d58, 101
0x9fcd740, 1e952d58, 101
0x9fcd7b0, 1e952d58, 101
0x9fcd820, 1e952d58, 101
0x9fcd890, 1e952d58, 101
0x9fcd900, 1e952d58, 101
0x9fcd970, 1e952d58, 101
0x9fcd9e0, 1e952d58, 101
0x9fcda50, 1e952d58, 101
0x9fcdac0, 1e952d58, 101
0x9fcdb30, 1e952d58, 101
0x9fcdba0, 1e952d58, 101
0x9fcdc10, 1e952d58, 101
0x9fcdc80, 1e952d58, 101
0x9fcdcf0, 1e952d58, 101
0x9fcdd60, 1e952d58, 101
0x9fcddd0, 1e952d58, 101
0x9fcde40, 1e952d58, 101
0x9fcdeb0, 1e952d58, 101
0x9fcdf20, 1e952d58, 101
0x9fcdf90, 1e952d58, 101
0x9fce000, 1e952d58, 101
0x9fce070, 1e952d58, 101
0x9fce0e0, 1e952d58, 101
0x9fce150, 1e952d58, 101
0x9fce1c0, 1e952d58, 101
0x9fce230, 1e952d58, 101
0x9fce2a0, 1e952d58, 101
0x9fce310, 1e952d58, 101
0x9fce380, 1e952d58, 101
0x9fce3f0, 1e952d58, 101
0x9fce460, 1e952d58, 101
0x9fce4d0, 1e952d58, 101
0x9fce540, 1e952d58, 101
0x9fce5b0, 1e952d58, 101
0x9fce620, 1e952d58, 101
0x9fce690, 1e952d58, 101
0x9fce700, 1e952d58, 101
0x9fce770, 1e952d58, 101
0x9fce7e0, 1e952d58, 101
0x9fce850, 1e952d58, 101
0x9fce8c0, 1e952d58, 101
0x9fce930, 1e952d58, 101
0x9fce9a0, 1e952d58, 101
0x9fcea10, 1e952d58, 101
0x9fcea80, 1e952d58, 101
0x9fceaf0, 1e952d58, 101
0x9fceb60, 1e952d58, 101
0x9fcebd0, 1e952d58, 101
0x9fcec40, 1e952d58, 101
0x9fcecb0, 1e952d58, 101
0x9fced20, 1e952d58, 101
0x9fced90, 1e952d58, 101
0x9fcee00, 1e952d58, 101
0x9fcee70, 1e952d58, 101
0x9fceee0, 1e952d58, 101
0x9fcef50, 1e952d58, 101
0x9fcefc0, 1e952d58, 101
0x9fcf030, 1e952d58, 101
0x9fcf0a0, 1e952d58, 101
0x9fcf110, 1e952d58, 101
0x9fcf180, 1e952d58, 101
0x9fcf1f0, 1e952d58, 101
0x9fcf260, 1e952d58, 101
0x9fcf2d0, 1e952d58, 101
0x9fcf340, 1e952d58, 101
0x9fcf3b0, 1e952d58, 101
0x9fcf420, 1e952d58, 101
0x9fcf490, 1e952d58, 101
0x9fcf500, 1e952d58, 101
0x9fcf570, 1e952d58, 101
0x9fcf5e0, 1e952d58, 101
0x9fcf650, 1e952d58, 101
0x9fcf6c0, 1e952d58, 101
0x9fcf730, 1e952d58, 101
0x9fcf7a0, 1e952d58, 101
0x9fcf810, 1e952d58, 101
0x9fcf880, 1e952d58, 101
0x9fcf8f0, 1e952d58, 101
0x9fcf960, 1e952d58, 101
0x9fcf9d0, 1e952d58, 101
0x9fcfa40, 1e952d58, 101
0x9fcfab0, 1e952d58, 101
0x9fcfb20, 1e952d58, 101
0x9fcfb90, 1e952d58, 101
0x9fcfc00, 1e952d58, 101
0x9fcfc70, 1e952d58, 101
0x9fcfce0, 1e952d58, 101
0x9fcfd50, 1e952d58, 101
0x9fcfdc0, 1e952d58, 101
0x9fcfe30, 1e952d58, 101
0x9fcfea0, 1e952d58, 101
0x9fcff10, 1e952d58, 101
0x9fcff80, 1e952d58, 101
0x9fcfff0, 1e952d58, 101
0x9fd0060, 1e952d58, 101
0x9fd00d0, 1e952d58, 101
0x9fd0140, 1e952d58, 101
0x9fd01b0, 1e952d58, 101
0x9fd0220, 1e952d58, 101
0x9fd0290, 1e952d58, 101
0x9fd0300, 1e952d58, 101
0x9fd0370, 1e952d58, 101
0x9fd03e0, 1e952d58, 101
0x9fd0450, 1e952d58, 101
0x9fd04c0, 1e952d58, 101
0x9fd0530, 1e952d58, 101
0x9fd05a0, 1e952d58, 101
0x9fd0610, 1e952d58, 101
0x9fd0680, 1e952d58, 101
0x9fd06f0, 1e952d58, 101
0x9fd0760, 1e952d58, 101
0x9fd07d0, 1e952d58, 101
0x9fd0840, 1e952d58, 101
0x9fd08b0, 1e952d58, 101
0x9fd0920, 1e952d58, 101
0x9fd0990, 1e952d58, 101
0x9fd0a00, 1e952d58, 101
0x9fd0a70, 1e952d58, 101
0x9fd0ae0, 1e952d58, 101
0x9fd0b50, 1e952d58, 101
0x9fd0bc0, 1e952d58, 101
0x9fd0c30, 1e952d58, 101
0x9fd0ca0, 1e952d58, 101
0x9fd0d10, 1e952d58, 101
0x9fd0d80, 1e952d58, 101
0x9fd0df0, 1e952d58, 101
0x9fd0e60, 1e952d58, 101
0x9fd0ed0, 1e952d58, 101
0x9fd0f40, 1e952d58, 101
0x9fd0fb0, 1e952d58, 101
0x9fd1020, 1e952d58, 101
0x9fd1090, 1e952d58, 101
0x9fd1100, 1e952d58, 101
0x9fd1170, 1e952d58, 101
0x9fd11e0, 1e952d58, 101
0x9fd1250, 1e952d58, 101
0x9fd12c0, 1e952d58, 101
0x9fd1330, 1e952d58, 101
0x9fd13a0, 1e952d58, 101
0x9fd1410, 1e952d58, 101
0x9fd1480, 1e952d58, 101
0x9fd14f0, 1e952d58, 101
0x9fd1560, 1e952d58, 101
0x9fd15d0, 1e952d58, 101
0x9fd1640, 1e952d58, 101
0x9fd16b0, 1e952d58, 101
0x9fd1720, 1e952d58, 101
0x9fd1790, 1e952d58, 101
0x9fd1800, 1e952d58, 101
0x9fd1870, 1e952d58, 101
0x9fd18e0, 1e952d58, 101
0x9fd1950, 1e952d58, 101
0x9fd19c0, 1e952d58, 101
0x9fd1a30, 1e952d58, 101
0x9fd1aa0, 1e952d58, 101
0x9fd1b10, 1e952d58, 101
0x9fd1b80, 1e952d58, 101
0x9fd1bf0, 1e952d58, 101
0x9fd1c60, 1e952d58, 101
0x9fd1cd0, 1e952d58, 101
0x9fd1d40, 1e952d58, 101
0x9fd1db0, 1e952d58, 101
0x9fd1e20, 1e952d58, 101
0x9fd1e90, 1e952d58, 101
0x9fd1f00, 1e952d58, 101
0x9fd1f70, 1e952d58, 101
0x9fd1fe0, 1e952d58, 101
0x9fd2050, 1e952d58, 101
0x9fd2130, 1e952d58, 101
0x9fd21a0, 1e952d58, 101
0x9fd2210, 1e952d58, 101
0x9fd2280, 1e952d58, 101
0x9fd22f0, 1e952d58, 101
0x9fd2360, 1e952d58, 101
0x9fd23d0, 1e952d58, 101
0x9fd2440, 1e952d58, 101
0x9fd24b0, 1e952d58, 101
0x9fd2520, 1e952d58, 101
0x9fd2590, 1e952d58, 101
0x9fd2600, 1e952d58, 101
0x9fd2670, 1e952d58, 101
0x9fd26e0, 1e952d58, 101
0x9fd2750, 1e952d58, 101
0x9fd27c0, 1e952d58, 101
0x9fd2830, 1e952d58, 101
0x9fd28a0, 1e952d58, 101
0x9fd2910, 1e952d58, 101
0x9fd2980, 1e952d58, 101
0x9fd29f0, 1e952d58, 101
0x9fd2a60, 1e952d58, 101
0x9fd2ad0, 1e952d58, 101
0x9fd2b40, 1e952d58, 101
0x9fd2bb0, 1e952d58, 101
0x9fd2c20, 1e952d58, 101
0x9fd2c90, 1e952d58, 101
0x9fd2d00, 1e952d58, 101
0x9fd2d70, 1e952d58, 101
0x9fd2de0, 1e952d58, 101
0x9fd2e50, 1e952d58, 101
0x9fd2ec0, 1e952d58, 101
0x9fd2f30, 1e952d58, 101
0x9fd2fa0, 1e952d58, 101
0x9fd3010, 1e952d58, 101
0x9fd3080, 1e952d58, 101
0x9fd30f0, 1e952d58, 101
0x9fd3160, 1e952d58, 101
0x9fd31d0, 1e952d58, 101
0x9fd3240, 1e952d58, 101
0x9fd32b0, 1e952d58, 101
0x9fd3320, 1e952d58, 101
0x9fd3390, 1e952d58, 101
0x9fd3400, 1e952d58, 101
0x9fd3470, 1e952d58, 101
0x9fd34e0, 1e952d58, 101
0x9fd3550, 1e952d58, 101
0x9fd35c0, 1e952d58, 101
0x9fd3630, 1e952d58, 101
0x9fd36a0, 1e952d58, 101
0x9fd3710, 1e952d58, 101
0x9fd3780, 1e952d58, 101
0x9fd37f0, 1e952d58, 101
0x9fd3860, 1e952d58, 101
0x9fd38d0, 1e952d58, 101
0x9fd3940, 1e952d58, 101
0x9fd39b0, 1e952d58, 101
0x9fd3a20, 1e952d58, 101
0x9fd3a90, 1e952d58, 101
0x9fd3b00, 1e952d58, 101
0x9fd3b70, 1e952d58, 101
0x9fd3be0, 1e952d58, 101
0x9fd3c50, 1e952d58, 101
0x9fd3cc0, 1e952d58, 101
0x9fd3d30, 1e952d58, 101
0x9fd3da0, 1e952d58, 101
0x9fd3e10, 1e952d58, 101
0x9fd3e80, 1e952d58, 101
0x9fd3ef0, 1e952d58, 101
0x9fd3f60, 1e952d58, 101
0x9fd3fd0, 1e952d58, 101
0x9fd4040, 1e952d58, 101
0x9fd40b0, 1e952d58, 101
0x9fd4120, 1e952d58, 101
0x9fd4190, 1e952d58, 101
0x9fd4200, 1e952d58, 101
0x9fd4270, 1e952d58, 101
0x9fd42e0, 1e952d58, 101
0x9fd4350, 1e952d58, 101
0x9fd43c0, 1e952d58, 101
0x9fd4430, 1e952d58, 101
0x9fd44a0, 1e952d58, 101
0x9fd4510, 1e952d58, 101
0x9fd4580, 1e952d58, 101
0x9fd45f0, 1e952d58, 101
0x9fd4660, 1e952d58, 101
0x9fd46d0, 1e952d58, 101
0x9fd4740, 1e952d58, 101
0x9fd47b0, 1e952d58, 101
0x9fd4820, 1e952d58, 101
0x9fd4890, 1e952d58, 101
0x9fd4900, 1e952d58, 101
0x9fd4970, 1e952d58, 101
0x9fd49e0, 1e952d58, 101
0x9fd4a50, 1e952d58, 101
0x9fd4ac0, 1e952d58, 101
0x9fd4b30, 1e952d58, 101
0x9fd4ba0, 1e952d58, 101
0x9fd4c10, 1e952d58, 101
0x9fd4c80, 1e952d58, 101
0x9fd4cf0, 1e952d58, 101
0x9fd4d60, 1e952d58, 101
0x9fd4dd0, 1e952d58, 101
0x9fd4e40, 1e952d58, 101
0x9fd4eb0, 1e952d58, 101
0x9fd4f20, 1e952d58, 101
0x9fd4f90, 1e952d58, 101
0x9fd5000, 1e952d58, 101
0x9fd5070, 1e952d58, 101
0x9fd50e0, 1e952d58, 101
0x9fd5150, 1e952d58, 101
0x9fd51c0, 1e952d58, 101
0x9fd5230, 1e952d58, 101
0x9fd52a0, 1e952d58, 101
0x9fd5310, 1e952d58, 101
0x9fd5380, 1e952d58, 101
0x9fd53f0, 1e952d58, 101
0x9fd5460, 1e952d58, 101
0x9fd54d0, 1e952d58, 101
0x9fd5540, 1e952d58, 101
0x9fd55b0, 1e952d58, 101
0x9fd5620, 1e952d58, 101
0x9fd5690, 1e952d58, 101
0x9fd5700, 1e952d58, 101
0x9fd5770, 1e952d58, 101
0x9fd57e0, 1e952d58, 101
0x9fd5850, 1e952d58, 101
0x9fd58c0, 1e952d58, 101
0x9fd5930, 1e952d58, 101
0x9fd59a0, 1e952d58, 101
0x9fd5a10, 1e952d58, 101
0x9fd5a80, 1e952d58, 101
0x9fd5af0, 1e952d58, 101
0x9fd5b60, 1e952d58, 101
0x9fd5bd0, 1e952d58, 101
0x9fd5c40, 1e952d58, 101
0x9fd5cb0, 1e952d58, 101
0x9fd5d20, 1e952d58, 101
0x9fd5d90, 1e952d58, 101
0x9fd5e00, 1e952d58, 101
0x9fd5e70, 1e952d58, 101
0x9fd5ee0, 1e952d58, 101
0x9fd5f50, 1e952d58, 101
0x9fd5fc0, 1e952d58, 101
0x9fd6030, 1e952d58, 101
0x9fd60a0, 1e952d58, 101
0x9fd6110, 1e952d58, 101
0x9fd6180, 1e952d58, 101
0x9fd61f0, 1e952d58, 101
0x9fd6260, 1e952d58, 101
0x9fd62d0, 1e952d58, 101
0x9fd6340, 1e952d58, 101
0x9fd63b0, 1e952d58, 101
0x9fd6420, 1e952d58, 101
0x9fd6490, 1e952d58, 101
0x9fd6500, 1e952d58, 101
0x9fd6570, 1e952d58, 101
0x9fd65e0, 1e952d58, 101
0x9fd6650, 1e952d58, 101
0x9fd66c0, 1e952d58, 101
0x9fd6730, 1e952d58, 101
0x9fd67a0, 1e952d58, 101
0x9fd6810, 1e952d58, 101
0x9fd6880, 1e952d58, 101
0x9fd68f0, 1e952d58, 101
0x9fd6960, 1e952d58, 101
0x9fd69d0, 1e952d58, 101
0x9fd6a40, 1e952d58, 101
0x9fd6ab0, 1e952d58, 101
0x9fd6b20, 1e952d58, 101
0x9fd6b90, 1e952d58, 101
0x9fd6c00, 1e952d58, 101
0x9fd6c70, 1e952d58, 101
0x9fd6ce0, 1e952d58, 101
0x403e3000, 7e4cf4bf, 2101248
0x405e4000, 7e4cf4bf, 2101248
0x407e5000, 7e4cf4bf, 2101248
0x409e6000, 7e4cf4bf, 2101248
0x40be7000, 7e4cf4bf, 2101248


This report took 33 ms to generate.
